0 verbose cli C:\Program Files\nodejs\node.exe C:\Users\jjcha\AppData\Roaming\npm\node_modules\npm\bin\npm-cli.js
1 info using npm@10.7.0
2 info using node@v22.15.0
3 silly config:load:file:C:\Users\jjcha\AppData\Roaming\npm\node_modules\npm\npmrc
4 silly config:load:file:D:\fairproject\Dalgaebi\.npmrc
5 silly config:load:file:C:\Users\jjcha\.npmrc
6 silly config:load:file:C:\Users\jjcha\AppData\Roaming\npm\etc\npmrc
7 verbose title npm install @types/react-native
8 verbose argv "install" "--save-dev" "@types/react-native"
9 verbose logfile logs-max:10 dir:D:\fairproject\Dalgaebi\.npm-cache\_logs\2025-12-12T08_15_06_458Z-
10 verbose logfile D:\fairproject\Dalgaebi\.npm-cache\_logs\2025-12-12T08_15_06_458Z-debug-0.log
11 silly logfile done cleaning log files
12 silly idealTree buildDeps
13 silly fetch manifest @types/react-native@*
14 http fetch GET 200 https://registry.npmjs.org/@types%2freact-native 720ms (cache miss)
15 silly placeDep ROOT @types/react-native@0.73.0 OK for: dalgaebi@0.0.1 want: *
16 silly reify moves {}
17 silly audit bulk request {
17 silly audit   '@0no-co/graphql.web': [ '1.2.0' ],
17 silly audit   '@babel/code-frame': [ '7.27.1', '7.10.4' ],
17 silly audit   '@babel/compat-data': [ '7.28.5' ],
17 silly audit   '@babel/core': [ '7.28.5' ],
17 silly audit   '@babel/eslint-parser': [ '7.28.5' ],
17 silly audit   '@babel/generator': [ '7.28.5' ],
17 silly audit   '@babel/helper-annotate-as-pure': [ '7.27.3' ],
17 silly audit   '@babel/helper-compilation-targets': [ '7.27.2' ],
17 silly audit   '@babel/helper-create-class-features-plugin': [ '7.28.5' ],
17 silly audit   '@babel/helper-create-regexp-features-plugin': [ '7.28.5' ],
17 silly audit   '@babel/helper-define-polyfill-provider': [ '0.6.5' ],
17 silly audit   '@babel/helper-environment-visitor': [ '7.24.7' ],
17 silly audit   '@babel/helper-globals': [ '7.28.0' ],
17 silly audit   '@babel/helper-member-expression-to-functions': [ '7.28.5' ],
17 silly audit   '@babel/helper-module-imports': [ '7.27.1' ],
17 silly audit   '@babel/helper-module-transforms': [ '7.28.3' ],
17 silly audit   '@babel/helper-optimise-call-expression': [ '7.27.1' ],
17 silly audit   '@babel/helper-plugin-utils': [ '7.27.1' ],
17 silly audit   '@babel/helper-remap-async-to-generator': [ '7.27.1' ],
17 silly audit   '@babel/helper-replace-supers': [ '7.27.1' ],
17 silly audit   '@babel/helper-skip-transparent-expression-wrappers': [ '7.27.1' ],
17 silly audit   '@babel/helper-string-parser': [ '7.27.1' ],
17 silly audit   '@babel/helper-validator-identifier': [ '7.28.5' ],
17 silly audit   '@babel/helper-validator-option': [ '7.27.1' ],
17 silly audit   '@babel/helper-wrap-function': [ '7.28.3' ],
17 silly audit   '@babel/helpers': [ '7.28.4' ],
17 silly audit   '@babel/highlight': [ '7.25.9' ],
17 silly audit   'ansi-styles': [ '3.2.1', '4.3.0', '5.2.0' ],
17 silly audit   chalk: [ '2.4.2', '4.1.2' ],
17 silly audit   'color-convert': [ '1.9.3', '2.0.1' ],
17 silly audit   'color-name': [ '1.1.3', '1.1.4' ],
17 silly audit   'escape-string-regexp': [ '1.0.5', '4.0.0', '2.0.0' ],
17 silly audit   'has-flag': [ '3.0.0', '4.0.0' ],
17 silly audit   'supports-color': [ '5.5.0', '8.1.1', '7.2.0' ],
17 silly audit   '@babel/parser': [ '7.28.5' ],
17 silly audit   '@babel/plugin-bugfix-firefox-class-in-computed-class-key': [ '7.28.5' ],
17 silly audit   '@babel/plugin-bugfix-safari-class-field-initializer-scope': [ '7.27.1' ],
17 silly audit   '@babel/plugin-bugfix-safari-id-destructuring-collision-in-function-expression': [ '7.27.1' ],
17 silly audit   '@babel/plugin-bugfix-v8-spread-parameters-in-optional-chaining': [ '7.27.1' ],
17 silly audit   '@babel/plugin-bugfix-v8-static-class-fields-redefine-readonly': [ '7.28.3' ],
17 silly audit   '@babel/plugin-proposal-async-generator-functions': [ '7.20.7' ],
17 silly audit   '@babel/plugin-proposal-class-properties': [ '7.18.6' ],
17 silly audit   '@babel/plugin-proposal-decorators': [ '7.28.0' ],
17 silly audit   '@babel/plugin-proposal-export-default-from': [ '7.27.1' ],
17 silly audit   '@babel/plugin-proposal-nullish-coalescing-operator': [ '7.18.6' ],
17 silly audit   '@babel/plugin-proposal-object-rest-spread': [ '7.20.7' ],
17 silly audit   '@babel/plugin-proposal-optional-catch-binding': [ '7.18.6' ],
17 silly audit   '@babel/plugin-proposal-optional-chaining': [ '7.21.0' ],
17 silly audit   '@babel/plugin-proposal-private-property-in-object': [ '7.21.0-placeholder-for-preset-env.2' ],
17 silly audit   '@babel/plugin-syntax-async-generators': [ '7.8.4' ],
17 silly audit   '@babel/plugin-syntax-bigint': [ '7.8.3' ],
17 silly audit   '@babel/plugin-syntax-class-properties': [ '7.12.13' ],
17 silly audit   '@babel/plugin-syntax-class-static-block': [ '7.14.5' ],
17 silly audit   '@babel/plugin-syntax-decorators': [ '7.27.1' ],
17 silly audit   '@babel/plugin-syntax-dynamic-import': [ '7.8.3' ],
17 silly audit   '@babel/plugin-syntax-export-default-from': [ '7.27.1' ],
17 silly audit   '@babel/plugin-syntax-flow': [ '7.27.1' ],
17 silly audit   '@babel/plugin-syntax-import-assertions': [ '7.27.1' ],
17 silly audit   '@babel/plugin-syntax-import-attributes': [ '7.27.1' ],
17 silly audit   '@babel/plugin-syntax-import-meta': [ '7.10.4' ],
17 silly audit   '@babel/plugin-syntax-json-strings': [ '7.8.3' ],
17 silly audit   '@babel/plugin-syntax-jsx': [ '7.27.1' ],
17 silly audit   '@babel/plugin-syntax-logical-assignment-operators': [ '7.10.4' ],
17 silly audit   '@babel/plugin-syntax-nullish-coalescing-operator': [ '7.8.3' ],
17 silly audit   '@babel/plugin-syntax-numeric-separator': [ '7.10.4' ],
17 silly audit   '@babel/plugin-syntax-object-rest-spread': [ '7.8.3' ],
17 silly audit   '@babel/plugin-syntax-optional-catch-binding': [ '7.8.3' ],
17 silly audit   '@babel/plugin-syntax-optional-chaining': [ '7.8.3' ],
17 silly audit   '@babel/plugin-syntax-private-property-in-object': [ '7.14.5' ],
17 silly audit   '@babel/plugin-syntax-top-level-await': [ '7.14.5' ],
17 silly audit   '@babel/plugin-syntax-typescript': [ '7.27.1' ],
17 silly audit   '@babel/plugin-syntax-unicode-sets-regex': [ '7.18.6' ],
17 silly audit   '@babel/plugin-transform-arrow-functions': [ '7.27.1' ],
17 silly audit   '@babel/plugin-transform-async-generator-functions': [ '7.28.0' ],
17 silly audit   '@babel/plugin-transform-async-to-generator': [ '7.27.1' ],
17 silly audit   '@babel/plugin-transform-block-scoped-functions': [ '7.27.1' ],
17 silly audit   '@babel/plugin-transform-block-scoping': [ '7.28.5' ],
17 silly audit   '@babel/plugin-transform-class-properties': [ '7.27.1' ],
17 silly audit   '@babel/plugin-transform-class-static-block': [ '7.28.3' ],
17 silly audit   '@babel/plugin-transform-classes': [ '7.28.4' ],
17 silly audit   '@babel/plugin-transform-computed-properties': [ '7.27.1' ],
17 silly audit   '@babel/plugin-transform-destructuring': [ '7.28.5' ],
17 silly audit   '@babel/plugin-transform-dotall-regex': [ '7.27.1' ],
17 silly audit   '@babel/plugin-transform-duplicate-keys': [ '7.27.1' ],
17 silly audit   '@babel/plugin-transform-duplicate-named-capturing-groups-regex': [ '7.27.1' ],
17 silly audit   '@babel/plugin-transform-dynamic-import': [ '7.27.1' ],
17 silly audit   '@babel/plugin-transform-explicit-resource-management': [ '7.28.0' ],
17 silly audit   '@babel/plugin-transform-exponentiation-operator': [ '7.28.5' ],
17 silly audit   '@babel/plugin-transform-export-namespace-from': [ '7.27.1' ],
17 silly audit   '@babel/plugin-transform-flow-strip-types': [ '7.27.1' ],
17 silly audit   '@babel/plugin-transform-for-of': [ '7.27.1' ],
17 silly audit   '@babel/plugin-transform-function-name': [ '7.27.1' ],
17 silly audit   '@babel/plugin-transform-json-strings': [ '7.27.1' ],
17 silly audit   '@babel/plugin-transform-literals': [ '7.27.1' ],
17 silly audit   '@babel/plugin-transform-logical-assignment-operators': [ '7.28.5' ],
17 silly audit   '@babel/plugin-transform-member-expression-literals': [ '7.27.1' ],
17 silly audit   '@babel/plugin-transform-modules-amd': [ '7.27.1' ],
17 silly audit   '@babel/plugin-transform-modules-commonjs': [ '7.27.1' ],
17 silly audit   '@babel/plugin-transform-modules-systemjs': [ '7.28.5' ],
17 silly audit   '@babel/plugin-transform-modules-umd': [ '7.27.1' ],
17 silly audit   '@babel/plugin-transform-named-capturing-groups-regex': [ '7.27.1' ],
17 silly audit   '@babel/plugin-transform-new-target': [ '7.27.1' ],
17 silly audit   '@babel/plugin-transform-nullish-coalescing-operator': [ '7.27.1' ],
17 silly audit   '@babel/plugin-transform-numeric-separator': [ '7.27.1' ],
17 silly audit   '@babel/plugin-transform-object-rest-spread': [ '7.28.4' ],
17 silly audit   '@babel/plugin-transform-object-super': [ '7.27.1' ],
17 silly audit   '@babel/plugin-transform-optional-catch-binding': [ '7.27.1' ],
17 silly audit   '@babel/plugin-transform-optional-chaining': [ '7.28.5' ],
17 silly audit   '@babel/plugin-transform-parameters': [ '7.27.7' ],
17 silly audit   '@babel/plugin-transform-private-methods': [ '7.27.1' ],
17 silly audit   '@babel/plugin-transform-private-property-in-object': [ '7.27.1' ],
17 silly audit   '@babel/plugin-transform-property-literals': [ '7.27.1' ],
17 silly audit   '@babel/plugin-transform-react-display-name': [ '7.28.0' ],
17 silly audit   '@babel/plugin-transform-react-jsx': [ '7.27.1' ],
17 silly audit   '@babel/plugin-transform-react-jsx-development': [ '7.27.1' ],
17 silly audit   '@babel/plugin-transform-react-jsx-self': [ '7.27.1' ],
17 silly audit   '@babel/plugin-transform-react-jsx-source': [ '7.27.1' ],
17 silly audit   '@babel/plugin-transform-react-pure-annotations': [ '7.27.1' ],
17 silly audit   '@babel/plugin-transform-regenerator': [ '7.28.4' ],
17 silly audit   '@babel/plugin-transform-regexp-modifiers': [ '7.27.1' ],
17 silly audit   '@babel/plugin-transform-reserved-words': [ '7.27.1' ],
17 silly audit   '@babel/plugin-transform-runtime': [ '7.28.5' ],
17 silly audit   '@babel/plugin-transform-shorthand-properties': [ '7.27.1' ],
17 silly audit   '@babel/plugin-transform-spread': [ '7.27.1' ],
17 silly audit   '@babel/plugin-transform-sticky-regex': [ '7.27.1' ],
17 silly audit   '@babel/plugin-transform-template-literals': [ '7.27.1' ],
17 silly audit   '@babel/plugin-transform-typeof-symbol': [ '7.27.1' ],
17 silly audit   '@babel/plugin-transform-typescript': [ '7.28.5' ],
17 silly audit   '@babel/plugin-transform-unicode-escapes': [ '7.27.1' ],
17 silly audit   '@babel/plugin-transform-unicode-property-regex': [ '7.27.1' ],
17 silly audit   '@babel/plugin-transform-unicode-regex': [ '7.27.1' ],
17 silly audit   '@babel/plugin-transform-unicode-sets-regex': [ '7.27.1' ],
17 silly audit   '@babel/preset-env': [ '7.28.5' ],
17 silly audit   '@babel/preset-modules': [ '0.1.6-no-external-plugins' ],
17 silly audit   '@babel/preset-react': [ '7.28.5' ],
17 silly audit   '@babel/preset-typescript': [ '7.28.5' ],
17 silly audit   '@babel/runtime': [ '7.28.4', '7.9.0' ],
17 silly audit   '@babel/template': [ '7.27.2' ],
17 silly audit   '@babel/traverse': [ '7.28.5' ],
17 silly audit   '@babel/types': [ '7.28.5' ],
17 silly audit   '@bcoe/v8-coverage': [ '0.2.3' ],
17 silly audit   '@colors/colors': [ '1.5.0' ],
17 silly audit   '@egjs/hammerjs': [ '2.0.17' ],
17 silly audit   '@eslint-community/eslint-utils': [ '4.9.0' ],
17 silly audit   'eslint-visitor-keys': [ '3.4.3', '4.2.1', '2.1.0' ],
17 silly audit   '@eslint-community/regexpp': [ '4.12.2' ],
17 silly audit   '@eslint/eslintrc': [ '2.1.4' ],
17 silly audit   'brace-expansion': [ '1.1.12', '2.0.2' ],
17 silly audit   ignore: [ '5.3.2', '7.0.5' ],
17 silly audit   minimatch: [ '3.1.2', '10.1.1', '9.0.5', '3.0.4' ],
17 silly audit   '@eslint/js': [ '8.57.1' ],
17 silly audit   '@expo/apple-utils': [ '1.0.0' ],
17 silly audit   '@expo/bunyan': [ '4.0.0' ],
17 silly audit   uuid: [ '8.3.2', '3.4.0', '7.0.3' ],
17 silly audit   '@expo/cli': [ '0.7.3', '54.0.19' ],
17 silly audit   '@expo/config': [ '8.0.5', '12.0.12', '6.0.24' ],
17 silly audit   '@expo/config-plugins': [ '6.0.2', '54.0.3', '4.1.5' ],
17 silly audit   '@expo/json-file': [ '8.2.37', '8.3.3', '10.0.8', '8.2.36' ],
17 silly audit   semver: [ '7.7.3', '7.3.2', '5.7.2', '6.3.1' ],
17 silly audit   '@expo/config-types': [ '48.0.0', '54.0.10', '45.0.0' ],
17 silly audit   '@expo/dev-server': [ '0.3.0', '0.2.0' ],
17 silly audit   'fs-extra': [ '9.0.0', '9.1.0', '8.1.0' ],
17 silly audit   '@expo/image-utils': [ '0.3.22', '0.8.8', '0.3.21', '0.3.23' ],
17 silly audit   'temp-dir': [ '1.0.0', '2.0.0' ],
17 silly audit   tempy: [ '0.3.0', '0.7.1' ],
17 silly audit   'type-fest': [ '0.3.1', '0.12.0', '0.21.3', '0.7.1', '0.16.0', '0.20.2' ],
17 silly audit   '@expo/metro-config': [ '0.7.1', '0.6.0', '54.0.11' ],
17 silly audit   '@expo/osascript': [ '2.0.33', '2.3.8' ],
17 silly audit   '@expo/package-manager': [ '1.0.3', '1.9.9', '0.0.56' ],
17 silly audit   '@expo/plist': [ '0.0.20', '0.4.8', '0.0.18' ],
17 silly audit   '@expo/prebuild-config': [ '6.0.1', '4.0.3', '54.0.7' ],
17 silly audit   universalify: [ '2.0.1', '1.0.0', '0.1.2' ],
17 silly audit   '@expo/spawn-async': [ '1.5.0', '1.7.2' ],
17 silly audit   '@urql/core': [ '2.3.6', '5.2.0' ],
17 silly audit   '@graphql-typed-document-node/core': [ '3.2.0' ],
17 silly audit   '@urql/exchange-retry': [ '0.3.0', '1.3.2' ],
17 silly audit   '@xmldom/xmldom': [ '0.7.13', '0.8.11' ],
17 silly audit   'agent-base': [ '6.0.2', '7.1.4' ],
17 silly audit   arg: [ '4.1.0', '5.0.2' ],
17 silly audit   argparse: [ '1.0.10', '2.0.1' ],
17 silly audit   chownr: [ '2.0.0', '3.0.0' ],
17 silly audit   'cli-cursor': [ '2.1.0', '3.1.0' ],
17 silly audit   'cross-spawn': [ '6.0.6', '7.0.6' ],
17 silly audit   'crypto-random-string': [ '1.0.0', '2.0.0' ],
17 silly audit   'form-data': [ '3.0.4', '4.0.5', '2.5.5' ],
17 silly audit   getenv: [ '1.0.0', '2.0.0' ],
17 silly audit   glob: [ '7.1.6', '13.0.0', '7.2.3', '6.0.4' ],
17 silly audit   'hosted-git-info': [ '3.0.8', '2.8.9', '7.0.2' ],
17 silly audit   'http-errors': [ '2.0.0', '1.6.3', '2.0.1' ],
17 silly audit   'https-proxy-agent': [ '5.0.1', '7.0.6' ],
17 silly audit   'is-wsl': [ '2.2.0', '1.1.0' ],
17 silly audit   'js-yaml': [ '3.14.2', '4.1.1' ],
17 silly audit   jsonfile: [ '6.2.0', '4.0.0' ],
17 silly audit   'log-symbols': [ '2.2.0', '4.1.0' ],
17 silly audit   'lru-cache': [ '6.0.0', '10.4.3', '5.1.1', '11.2.4' ],
17 silly audit   'mimic-fn': [ '1.2.0', '2.1.0' ],
17 silly audit   minipass: [ '3.1.6', '5.0.0', '3.3.6', '7.1.2' ],
17 silly audit   minizlib: [ '2.1.2', '3.1.0' ],
17 silly audit   'npm-package-arg': [ '7.0.0', '6.1.0', '11.0.3' ],
17 silly audit   onetime: [ '2.0.1', '5.1.2' ],
17 silly audit   open: [ '8.4.2', '7.4.2', '6.4.0' ],
17 silly audit   ora: [ '3.4.0', '5.4.1' ],
17 silly audit   'path-key': [ '2.0.1', '3.1.1' ],
17 silly audit   'resolve-from': [ '5.0.0', '4.0.0' ],
17 silly audit   'restore-cursor': [ '2.0.0', '3.1.0' ],
17 silly audit   send: [ '0.18.0', '0.16.2', '0.19.0' ],
17 silly audit   debug: [ '2.6.9', '3.2.7', '4.4.3' ],
17 silly audit   ms: [ '2.0.0', '2.1.3' ],
17 silly audit   mime: [ '1.6.0', '1.4.1', '2.6.0' ],
17 silly audit   'serialize-error': [ '6.0.0', '2.1.0' ],
17 silly audit   'shebang-command': [ '1.2.0', '2.0.0' ],
17 silly audit   'shebang-regex': [ '1.0.0', '3.0.0' ],
17 silly audit   statuses: [ '2.0.1', '1.4.0', '2.0.2', '1.5.0' ],
17 silly audit   'strip-ansi': [ '5.2.0', '6.0.1' ],
17 silly audit   'ansi-regex': [ '4.1.1', '5.0.1' ],
17 silly audit   tar: [ '6.2.1', '7.5.2' ],
17 silly audit   'unique-string': [ '1.0.0', '2.0.0' ],
17 silly audit   'validate-npm-package-name': [ '3.0.0', '5.0.1' ],
17 silly audit   which: [ '1.3.1', '2.0.2' ],
17 silly audit   wonka: [ '4.0.15', '6.3.5' ],
17 silly audit   'write-file-atomic': [ '2.4.3', '4.0.2' ],
17 silly audit   ws: [ '8.18.3', '7.5.10', '6.2.3' ],
17 silly audit   xml2js: [ '0.4.23', '0.6.0' ],
17 silly audit   xmlbuilder: [ '11.0.1', '14.0.0', '15.1.1' ],
17 silly audit   yallist: [ '4.0.0', '5.0.0', '3.1.1' ],
17 silly audit   '@expo/code-signing-certificates': [ '0.0.5' ],
17 silly audit   '@expo/devcert': [ '1.2.1' ],
17 silly audit   '@expo/devtools': [ '0.1.8' ],
17 silly audit   '@expo/env': [ '2.0.8' ],
17 silly audit   '@expo/fingerprint': [ '0.15.4' ],
17 silly audit   '@expo/metro': [ '54.1.0' ],
17 silly audit   'hermes-estree': [ '0.29.1', '0.32.0' ],
17 silly audit   'hermes-parser': [ '0.29.1', '0.32.0' ],
17 silly audit   'ci-info': [ '2.0.0', '3.9.0' ],
17 silly audit   metro: [ '0.83.2', '0.83.3' ],
17 silly audit   'metro-babel-transformer': [ '0.83.2', '0.83.3' ],
17 silly audit   'metro-cache': [ '0.83.2', '0.83.3' ],
17 silly audit   'metro-cache-key': [ '0.83.2', '0.83.3' ],
17 silly audit   'metro-config': [ '0.83.2', '0.83.3' ],
17 silly audit   'metro-core': [ '0.83.2', '0.83.3' ],
17 silly audit   'metro-file-map': [ '0.83.2', '0.83.3' ],
17 silly audit   'metro-minify-terser': [ '0.83.2', '0.83.3' ],
17 silly audit   'metro-resolver': [ '0.83.2', '0.83.3' ],
17 silly audit   'metro-runtime': [ '0.83.2', '0.83.3' ],
17 silly audit   'metro-source-map': [ '0.83.2', '0.83.3' ],
17 silly audit   'metro-symbolicate': [ '0.83.2', '0.83.3' ],
17 silly audit   'metro-transform-plugins': [ '0.83.2', '0.83.3' ],
17 silly audit   'metro-transform-worker': [ '0.83.2', '0.83.3' ],
17 silly audit   ob1: [ '0.83.2', '0.83.3' ],
17 silly audit   'source-map': [ '0.5.7', '0.6.1' ],
17 silly audit   commander: [
17 silly audit     '7.2.0',  '9.5.0',
17 silly audit     '2.17.1', '2.20.0',
17 silly audit     '8.3.0',  '12.1.0',
17 silly audit     '4.1.1',  '2.20.3'
17 silly audit   ],
17 silly audit   'expo-modules-autolinking': [ '0.8.1', '3.0.23', '1.2.0' ],
17 silly audit   json5: [ '1.0.2', '2.2.3' ],
17 silly audit   '@expo/rudder-sdk-node': [ '1.1.1' ],
17 silly audit   '@expo/schema-utils': [ '0.1.8' ],
17 silly audit   '@expo/schemer': [ '1.4.5' ],
17 silly audit   ajv: [ '8.17.1', '6.12.6' ],
17 silly audit   'json-schema-traverse': [ '1.0.0', '0.4.1' ],
17 silly audit   'probe-image-size': [ '7.2.3', '6.0.0' ],
17 silly audit   '@expo/sdk-runtime-versions': [ '1.0.0' ],
17 silly audit   '@expo/sudo-prompt': [ '9.3.2' ],
17 silly audit   '@expo/vector-icons': [ '13.0.0', '15.0.3' ],
17 silly audit   '@expo/ws-tunnel': [ '1.0.6' ],
17 silly audit   '@expo/xcpretty': [ '4.3.2' ],
17 silly audit   '@gar/promisify': [ '1.1.3' ],
17 silly audit   '@hapi/hoek': [ '9.3.0' ],
17 silly audit   '@hapi/topo': [ '5.1.0' ],
17 silly audit   '@humanwhocodes/config-array': [ '0.13.0' ],
17 silly audit   '@humanwhocodes/module-importer': [ '1.0.1' ],
17 silly audit   '@humanwhocodes/object-schema': [ '2.0.3' ],
17 silly audit   '@isaacs/balanced-match': [ '4.0.1' ],
17 silly audit   '@isaacs/brace-expansion': [ '5.0.0' ],
17 silly audit   '@isaacs/fs-minipass': [ '4.0.1' ],
17 silly audit   '@isaacs/ttlcache': [ '1.4.1' ],
17 silly audit   '@istanbuljs/load-nyc-config': [ '1.1.0' ],
17 silly audit   'find-up': [ '4.1.0', '5.0.0', '3.0.0' ],
17 silly audit   'locate-path': [ '5.0.0', '6.0.0', '3.0.0' ],
17 silly audit   'p-limit': [ '2.3.0', '3.1.0' ],
17 silly audit   'p-locate': [ '4.1.0', '5.0.0', '3.0.0' ],
17 silly audit   '@istanbuljs/schema': [ '0.1.3' ],
17 silly audit   '@jest/console': [ '29.7.0' ],
17 silly audit   '@jest/core': [ '29.7.0' ],
17 silly audit   '@jest/create-cache-key-function': [ '29.7.0' ],
17 silly audit   '@jest/environment': [ '29.7.0' ],
17 silly audit   '@jest/expect': [ '29.7.0' ],
17 silly audit   '@jest/expect-utils': [ '29.7.0' ],
17 silly audit   '@jest/fake-timers': [ '29.7.0' ],
17 silly audit   '@jest/globals': [ '29.7.0' ],
17 silly audit   '@jest/reporters': [ '29.7.0' ],
17 silly audit   '@jest/schemas': [ '29.6.3' ],
17 silly audit   '@jest/source-map': [ '29.6.3' ],
17 silly audit   '@jest/test-result': [ '29.7.0' ],
17 silly audit   '@jest/test-sequencer': [ '29.7.0' ],
17 silly audit   '@jest/transform': [ '29.7.0' ],
17 silly audit   '@jest/types': [ '29.6.3', '26.6.2' ],
17 silly audit   '@jridgewell/gen-mapping': [ '0.3.13' ],
17 silly audit   '@jridgewell/remapping': [ '2.3.5' ],
17 silly audit   '@jridgewell/resolve-uri': [ '3.1.2' ],
17 silly audit   '@jridgewell/source-map': [ '0.3.11' ],
17 silly audit   '@jridgewell/sourcemap-codec': [ '1.5.5' ],
17 silly audit   '@jridgewell/trace-mapping': [ '0.3.31' ],
17 silly audit   '@leichtgewicht/ip-codec': [ '2.0.5' ],
17 silly audit   '@nicolo-ribaudo/eslint-scope-5-internals': [ '5.1.1-v1' ],
17 silly audit   '@nodelib/fs.scandir': [ '2.1.5' ],
17 silly audit   '@nodelib/fs.stat': [ '2.0.5' ],
17 silly audit   '@nodelib/fs.walk': [ '1.2.8' ],
17 silly audit   '@npmcli/fs': [ '1.1.1' ],
17 silly audit   '@npmcli/move-file': [ '1.1.2' ],
17 silly audit   '@react-native-async-storage/async-storage': [ '2.2.0' ],
17 silly audit   '@react-native-community/cli': [ '20.0.2' ],
17 silly audit   '@react-native-community/cli-clean': [ '20.0.2' ],
17 silly audit   '@react-native-community/cli-config': [ '20.0.2' ],
17 silly audit   '@react-native-community/cli-config-android': [ '20.0.0', '20.0.2' ],
17 silly audit   '@react-native-community/cli-tools': [ '20.0.0', '20.0.2' ],
17 silly audit   '@react-native-community/cli-config-apple': [ '20.0.2', '20.0.0' ],
17 silly audit   '@react-native-community/cli-doctor': [ '20.0.2' ],
17 silly audit   '@react-native-community/cli-platform-android': [ '20.0.2', '20.0.0' ],
17 silly audit   '@react-native-community/cli-platform-ios': [ '20.0.2', '20.0.0' ],
17 silly audit   '@react-native-community/cli-platform-apple': [ '20.0.2', '20.0.0' ],
17 silly audit   '@react-native-community/cli-server-api': [ '20.0.2' ],
17 silly audit   '@react-native-community/cli-types': [ '20.0.2' ],
17 silly audit   '@react-native-community/datetimepicker': [ '8.5.1' ],
17 silly audit   '@react-native-picker/picker': [ '2.11.4' ],
17 silly audit   '@react-native/assets-registry': [ '0.82.1' ],
17 silly audit   '@react-native/babel-plugin-codegen': [ '0.82.1', '0.81.5' ],
17 silly audit   '@react-native/babel-preset': [ '0.82.1', '0.81.5' ],
17 silly audit   '@react-native/codegen': [ '0.82.1', '0.81.5' ],
17 silly audit   '@react-native/community-cli-plugin': [ '0.82.1' ],
17 silly audit   '@react-native/debugger-frontend': [ '0.82.1', '0.81.5' ],
17 silly audit   '@react-native/debugger-shell': [ '0.82.1' ],
17 silly audit   '@react-native/dev-middleware': [ '0.82.1', '0.81.5' ],
17 silly audit   '@react-native/eslint-config': [ '0.82.1' ],
17 silly audit   '@react-native/eslint-plugin': [ '0.82.1' ],
17 silly audit   '@react-native/gradle-plugin': [ '0.82.1' ],
17 silly audit   '@react-native/js-polyfills': [ '0.82.1' ],
17 silly audit   '@react-native/metro-babel-transformer': [ '0.82.1' ],
17 silly audit   '@react-native/metro-config': [ '0.82.1' ],
17 silly audit   '@react-native/new-app-screen': [ '0.82.1' ],
17 silly audit   '@react-native/normalize-color': [ '2.1.0' ],
17 silly audit   '@react-native/normalize-colors': [ '0.82.1', '0.81.5' ],
17 silly audit   '@react-native/typescript-config': [ '0.82.1' ],
17 silly audit   '@react-native/virtualized-lists': [ '0.82.1' ],
17 silly audit   '@react-navigation/bottom-tabs': [ '7.8.11' ],
17 silly audit   '@react-navigation/core': [ '7.13.5' ],
17 silly audit   '@react-navigation/elements': [ '2.9.1' ],
17 silly audit   '@react-navigation/native': [ '7.1.24' ],
17 silly audit   '@react-navigation/routers': [ '7.5.2' ],
17 silly audit   '@react-navigation/stack': [ '7.6.11' ],
17 silly audit   '@segment/loosely-validate-event': [ '2.0.0' ],
17 silly audit   '@sideway/address': [ '4.1.5' ],
17 silly audit   '@sideway/formula': [ '3.0.1' ],
17 silly audit   '@sideway/pinpoint': [ '2.0.0' ],
17 silly audit   '@sinclair/typebox': [ '0.27.8' ],
17 silly audit   '@sindresorhus/is': [ '4.6.0', '0.14.0' ],
17 silly audit   '@sinonjs/commons': [ '3.0.1' ],
17 silly audit   '@sinonjs/fake-timers': [ '10.3.0' ],
17 silly audit   '@szmarczak/http-timer': [ '4.0.6', '1.1.2' ],
17 silly audit   '@trysound/sax': [ '0.2.0' ],
17 silly audit   '@types/babel__core': [ '7.20.5' ],
17 silly audit   '@types/babel__generator': [ '7.27.0' ],
17 silly audit   '@types/babel__template': [ '7.4.4' ],
17 silly audit   '@types/babel__traverse': [ '7.28.0' ],
17 silly audit   '@types/body-parser': [ '1.19.6' ],
17 silly audit   '@types/bonjour': [ '3.5.13' ],
17 silly audit   '@types/cacheable-request': [ '6.0.3' ],
17 silly audit   '@types/connect': [ '3.4.38' ],
17 silly audit   '@types/connect-history-api-fallback': [ '1.5.4' ],
17 silly audit   '@types/eslint': [ '9.6.1' ],
17 silly audit   '@types/eslint-scope': [ '3.7.7' ],
17 silly audit   '@types/estree': [ '1.0.8' ],
17 silly audit   '@types/express': [ '4.17.25' ],
17 silly audit   '@types/express-serve-static-core': [ '5.1.0', '4.19.7' ],
17 silly audit   '@types/glob': [ '7.2.0' ],
17 silly audit   '@types/graceful-fs': [ '4.1.9' ],
17 silly audit   '@types/hammerjs': [ '2.0.46' ],
17 silly audit   '@types/html-minifier-terser': [ '6.1.0' ],
17 silly audit   '@types/http-cache-semantics': [ '4.0.4' ],
17 silly audit   '@types/http-errors': [ '2.0.5' ],
17 silly audit   '@types/http-proxy': [ '1.17.17' ],
17 silly audit   '@types/istanbul-lib-coverage': [ '2.0.6' ],
17 silly audit   '@types/istanbul-lib-report': [ '3.0.3' ],
17 silly audit   '@types/istanbul-reports': [ '3.0.4' ],
17 silly audit   '@types/jest': [ '29.5.14' ],
17 silly audit   '@types/json-schema': [ '7.0.15' ],
17 silly audit   '@types/keyv': [ '3.1.4' ],
17 silly audit   '@types/mime': [ '1.3.5' ],
17 silly audit   '@types/minimatch': [ '6.0.0' ],
17 silly audit   '@types/node': [ '24.10.1' ],
17 silly audit   '@types/node-forge': [ '1.3.14' ],
17 silly audit   '@types/qs': [ '6.14.0' ],
17 silly audit   '@types/range-parser': [ '1.2.7' ],
17 silly audit   '@types/react': [ '19.2.7' ],
17 silly audit   '@types/react-test-renderer': [ '19.1.0' ],
17 silly audit   '@types/responselike': [ '1.0.3' ],
17 silly audit   '@types/retry': [ '0.12.5', '0.12.0' ],
17 silly audit   '@types/send': [ '1.2.1', '0.17.6' ],
17 silly audit   '@types/serve-index': [ '1.9.4' ],
17 silly audit   '@types/serve-static': [ '1.15.10' ],
17 silly audit   '@types/sockjs': [ '0.3.36' ],
17 silly audit   '@types/stack-utils': [ '2.0.3' ],
17 silly audit   '@types/ws': [ '8.18.1' ],
17 silly audit   '@types/yargs': [ '17.0.35', '15.0.20' ],
17 silly audit   '@types/yargs-parser': [ '21.0.3' ],
17 silly audit   '@typescript-eslint/eslint-plugin': [ '8.48.1' ],
17 silly audit   '@typescript-eslint/parser': [ '8.48.1' ],
17 silly audit   '@typescript-eslint/project-service': [ '8.48.1' ],
17 silly audit   '@typescript-eslint/scope-manager': [ '8.48.1' ],
17 silly audit   '@typescript-eslint/tsconfig-utils': [ '8.48.1' ],
17 silly audit   '@typescript-eslint/type-utils': [ '8.48.1' ],
17 silly audit   '@typescript-eslint/types': [ '8.48.1' ],
17 silly audit   '@typescript-eslint/typescript-estree': [ '8.48.1' ],
17 silly audit   '@typescript-eslint/utils': [ '8.48.1' ],
17 silly audit   '@typescript-eslint/visitor-keys': [ '8.48.1' ],
17 silly audit   '@ungap/structured-clone': [ '1.3.0' ],
17 silly audit   '@vscode/sudo-prompt': [ '9.3.1' ],
17 silly audit   '@webassemblyjs/ast': [ '1.14.1' ],
17 silly audit   '@webassemblyjs/floating-point-hex-parser': [ '1.13.2' ],
17 silly audit   '@webassemblyjs/helper-api-error': [ '1.13.2' ],
17 silly audit   '@webassemblyjs/helper-buffer': [ '1.14.1' ],
17 silly audit   '@webassemblyjs/helper-numbers': [ '1.13.2' ],
17 silly audit   '@webassemblyjs/helper-wasm-bytecode': [ '1.13.2' ],
17 silly audit   '@webassemblyjs/helper-wasm-section': [ '1.14.1' ],
17 silly audit   '@webassemblyjs/ieee754': [ '1.13.2' ],
17 silly audit   '@webassemblyjs/leb128': [ '1.13.2' ],
17 silly audit   '@webassemblyjs/utf8': [ '1.13.2' ],
17 silly audit   '@webassemblyjs/wasm-edit': [ '1.14.1' ],
17 silly audit   '@webassemblyjs/wasm-gen': [ '1.14.1' ],
17 silly audit   '@webassemblyjs/wasm-opt': [ '1.14.1' ],
17 silly audit   '@webassemblyjs/wasm-parser': [ '1.14.1' ],
17 silly audit   '@webassemblyjs/wast-printer': [ '1.14.1' ],
17 silly audit   '@xtuc/ieee754': [ '1.2.0' ],
17 silly audit   '@xtuc/long': [ '4.2.2' ],
17 silly audit   abab: [ '2.0.6' ],
17 silly audit   'abort-controller': [ '3.0.0' ],
17 silly audit   accepts: [ '1.3.8' ],
17 silly audit   negotiator: [ '0.6.3', '0.6.4' ],
17 silly audit   acorn: [ '8.15.0' ],
17 silly audit   'acorn-import-phases': [ '1.0.4' ],
17 silly audit   'acorn-jsx': [ '5.3.2' ],
17 silly audit   'aggregate-error': [ '3.1.0' ],
17 silly audit   'ajv-formats': [ '2.1.1' ],
17 silly audit   'ajv-keywords': [ '3.5.2', '5.1.0' ],
17 silly audit   anser: [ '1.4.10' ],
17 silly audit   'ansi-align': [ '3.0.1' ],
17 silly audit   'ansi-escapes': [ '4.3.2' ],
17 silly audit   'ansi-fragments': [ '0.2.1' ],
17 silly audit   'ansi-html-community': [ '0.0.8' ],
17 silly audit   'any-promise': [ '1.3.0' ],
17 silly audit   anymatch: [ '3.1.3' ],
17 silly audit   appdirsjs: [ '1.2.7' ],
17 silly audit   'array-buffer-byte-length': [ '1.0.2' ],
17 silly audit   'array-flatten': [ '1.1.1' ],
17 silly audit   'array-includes': [ '3.1.9' ],
17 silly audit   'array-union': [ '2.1.0', '1.0.2', '3.0.1' ],
17 silly audit   'array-uniq': [ '1.0.3' ],
17 silly audit   'array.prototype.findlast': [ '1.2.5' ],
17 silly audit   'array.prototype.flat': [ '1.3.3' ],
17 silly audit   'array.prototype.flatmap': [ '1.3.3' ],
17 silly audit   'array.prototype.tosorted': [ '1.1.4' ],
17 silly audit   'arraybuffer.prototype.slice': [ '1.0.4' ],
17 silly audit   arrify: [ '2.0.1' ],
17 silly audit   asap: [ '2.0.6' ],
17 silly audit   'astral-regex': [ '1.0.0' ],
17 silly audit   async: [ '1.5.2' ],
17 silly audit   'async-function': [ '1.0.0' ],
17 silly audit   'async-limiter': [ '1.0.1' ],
17 silly audit   'async-storage': [ '0.1.0' ],
17 silly audit   asynckit: [ '0.4.0' ],
17 silly audit   'at-least-node': [ '1.0.0' ],
17 silly audit   'available-typed-arrays': [ '1.0.7' ],
17 silly audit   axios: [ '1.13.2', '0.21.1' ],
17 silly audit   'babel-jest': [ '29.7.0' ],
17 silly audit   'babel-loader': [ '8.4.1' ],
17 silly audit   'make-dir': [ '3.1.0', '4.0.0' ],
17 silly audit   'schema-utils': [ '2.7.1', '4.3.3' ],
17 silly audit   'babel-plugin-istanbul': [ '6.1.1' ],
17 silly audit   'istanbul-lib-instrument': [ '5.2.1', '6.0.3' ],
17 silly audit   'babel-plugin-jest-hoist': [ '29.6.3' ],
17 silly audit   'babel-plugin-module-resolver': [ '4.1.0' ],
17 silly audit   'babel-plugin-polyfill-corejs2': [ '0.4.14' ],
17 silly audit   'babel-plugin-polyfill-corejs3': [ '0.13.0' ],
17 silly audit   'babel-plugin-polyfill-regenerator': [ '0.6.5' ],
17 silly audit   'babel-plugin-react-compiler': [ '1.0.0' ],
17 silly audit   'babel-plugin-react-native-web': [ '0.21.2', '0.18.12' ],
17 silly audit   'babel-plugin-syntax-hermes-parser': [ '0.32.0', '0.29.1' ],
17 silly audit   'babel-plugin-transform-flow-enums': [ '0.0.2' ],
17 silly audit   'babel-preset-current-node-syntax': [ '1.2.0' ],
17 silly audit   'babel-preset-expo': [ '9.3.2', '54.0.8' ],
17 silly audit   'babel-preset-jest': [ '29.6.3' ],
17 silly audit   'balanced-match': [ '1.0.2' ],
17 silly audit   'base-64': [ '0.1.0' ],
17 silly audit   'base64-arraybuffer': [ '1.0.2' ],
17 silly audit   'base64-js': [ '1.5.1' ],
17 silly audit   'baseline-browser-mapping': [ '2.9.2' ],
17 silly audit   batch: [ '0.6.1' ],
17 silly audit   'better-opn': [ '3.0.2' ],
17 silly audit   'big-integer': [ '1.6.52' ],
17 silly audit   'big.js': [ '5.2.2' ],
17 silly audit   'binary-extensions': [ '2.3.0' ],
17 silly audit   bl: [ '4.1.0' ],
17 silly audit   'blueimp-md5': [ '2.19.0' ],
17 silly audit   'body-parser': [ '1.20.4', '1.18.3' ],
17 silly audit   'bonjour-service': [ '1.3.0' ],
17 silly audit   boolbase: [ '1.0.0' ],
17 silly audit   boxen: [ '5.1.2' ],
17 silly audit   camelcase: [ '6.3.0', '5.3.1' ],
17 silly audit   'bplist-creator': [ '0.1.0' ],
17 silly audit   'bplist-parser': [ '0.3.1', '0.2.0' ],
17 silly audit   braces: [ '3.0.3' ],
17 silly audit   browserslist: [ '4.28.1' ],
17 silly audit   bser: [ '2.1.1' ],
17 silly audit   buffer: [ '5.7.1' ],
17 silly audit   'buffer-alloc': [ '1.2.0' ],
17 silly audit   'buffer-alloc-unsafe': [ '1.1.0' ],
17 silly audit   'buffer-fill': [ '1.0.0' ],
17 silly audit   'buffer-from': [ '1.1.2' ],
17 silly audit   builtins: [ '1.0.3' ],
17 silly audit   bytes: [ '3.1.2', '3.0.0' ],
17 silly audit   cacache: [ '15.3.0' ],
17 silly audit   'cacheable-lookup': [ '5.0.4' ],
17 silly audit   'cacheable-request': [ '7.0.4', '6.1.0' ],
17 silly audit   'get-stream': [ '5.2.0', '4.1.0', '6.0.1' ],
17 silly audit   'call-bind': [ '1.0.8' ],
17 silly audit   'call-bind-apply-helpers': [ '1.0.2' ],
17 silly audit   'call-bound': [ '1.0.4' ],
17 silly audit   callsite: [ '1.0.0' ],
17 silly audit   callsites: [ '3.1.0' ],
17 silly audit   'camel-case': [ '4.1.2' ],
17 silly audit   'caniuse-api': [ '3.0.0' ],
17 silly audit   'caniuse-lite': [ '1.0.30001759' ],
17 silly audit   'char-regex': [ '1.0.2' ],
17 silly audit   charenc: [ '0.0.2' ],
17 silly audit   chokidar: [ '3.6.0' ],
17 silly audit   'glob-parent': [ '5.1.2', '6.0.2' ],
17 silly audit   'chrome-launcher': [ '0.15.2' ],
17 silly audit   'chrome-trace-event': [ '1.0.4' ],
17 silly audit   'chromium-edge-launcher': [ '0.2.0' ],
17 silly audit   'cjs-module-lexer': [ '1.4.3' ],
17 silly audit   'clean-css': [ '5.3.3' ],
17 silly audit   'clean-stack': [ '2.2.0' ],
17 silly audit   'clean-webpack-plugin': [ '4.0.0' ],
17 silly audit   del: [ '4.1.1', '6.1.1' ],
17 silly audit   globby: [ '6.1.0', '12.2.0', '11.1.0' ],
17 silly audit   pify: [ '2.3.0', '4.0.1' ],
17 silly audit   'p-map': [ '2.1.0', '4.0.0', '3.0.0' ],
17 silly audit   rimraf: [ '2.7.1', '2.4.5', '3.0.2' ],
17 silly audit   'cli-boxes': [ '2.2.1' ],
17 silly audit   'cli-spinners': [ '2.9.2' ],
17 silly audit   'cli-table3': [ '0.6.5' ],
17 silly audit   cliui: [ '8.0.1', '6.0.0' ],
17 silly audit   clone: [ '1.0.4', '2.1.2' ],
17 silly audit   'clone-response': [ '1.0.3' ],
17 silly audit   co: [ '4.6.0' ],
17 silly audit   'collect-v8-coverage': [ '1.0.3' ],
17 silly audit   color: [ '4.2.3' ],
17 silly audit   'color-string': [ '1.9.1' ],
17 silly audit   colord: [ '2.9.3' ],
17 silly audit   colorette: [ '1.4.0', '2.0.20' ],
17 silly audit   'combined-stream': [ '1.0.8' ],
17 silly audit   'command-exists': [ '1.2.9' ],
17 silly audit   commondir: [ '1.0.1' ],
17 silly audit   'compare-versions': [ '3.6.0' ],
17 silly audit   'component-type': [ '1.2.2' ],
17 silly audit   compressible: [ '2.0.18' ],
17 silly audit   compression: [ '1.8.1' ],
17 silly audit   'concat-map': [ '0.0.1' ],
17 silly audit   'concat-stream': [ '1.6.2' ],
17 silly audit   isarray: [ '1.0.0', '2.0.5' ],
17 silly audit   'readable-stream': [ '2.3.8', '3.6.2' ],
17 silly audit   'safe-buffer': [ '5.1.2', '5.2.1' ],
17 silly audit   string_decoder: [ '1.1.1', '1.3.0' ],
17 silly audit   connect: [ '3.7.0' ],
17 silly audit   'connect-history-api-fallback': [ '2.0.0' ],
17 silly audit   'content-disposition': [ '0.5.2', '0.5.4' ],
17 silly audit   'content-type': [ '1.0.5' ],
17 silly audit   'convert-source-map': [ '2.0.0' ],
17 silly audit   cookie: [ '0.3.1', '0.7.2' ],
17 silly audit   'cookie-signature': [ '1.0.6' ],
17 silly audit   'copy-webpack-plugin': [ '10.2.4' ],
17 silly audit   slash: [ '4.0.0', '3.0.0' ],
17 silly audit   'core-js-compat': [ '3.47.0' ],
17 silly audit   'core-util-is': [ '1.0.3' ],
17 silly audit   cosmiconfig: [ '9.0.0' ],
17 silly audit   'create-jest': [ '29.7.0' ],
17 silly audit   'cross-fetch': [ '3.2.0' ],
17 silly audit   crypt: [ '0.0.2' ],
17 silly audit   'css-declaration-sorter': [ '6.4.1' ],
17 silly audit   'css-line-break': [ '2.1.0' ],
17 silly audit   'css-loader': [ '6.11.0' ],
17 silly audit   'css-minimizer-webpack-plugin': [ '3.4.1' ],
17 silly audit   'jest-worker': [ '27.5.1', '29.7.0' ],
17 silly audit   'css-select': [ '4.3.0' ],
17 silly audit   'css-tree': [ '1.1.3' ],
17 silly audit   'css-what': [ '6.2.2' ],
17 silly audit   cssesc: [ '3.0.0' ],
17 silly audit   cssnano: [ '5.1.15' ],
17 silly audit   'cssnano-preset-default': [ '5.2.14' ],
17 silly audit   'cssnano-utils': [ '3.1.0' ],
17 silly audit   yaml: [ '1.10.2', '2.8.2' ],
17 silly audit   csso: [ '4.2.0' ],
17 silly audit   csstype: [ '3.2.3' ],
17 silly audit   'dag-map': [ '1.0.2' ],
17 silly audit   'data-view-buffer': [ '1.0.2' ],
17 silly audit   'data-view-byte-length': [ '1.0.2' ],
17 silly audit   'data-view-byte-offset': [ '1.0.1' ],
17 silly audit   dateformat: [ '3.0.3' ],
17 silly audit   dayjs: [ '1.11.19' ],
17 silly audit   decache: [ '4.4.0' ],
17 silly audit   decamelize: [ '1.2.0' ],
17 silly audit   'decode-uri-component': [ '0.2.2' ],
17 silly audit   'decompress-response': [ '6.0.0', '3.3.0' ],
17 silly audit   'mimic-response': [ '3.1.0', '1.0.1' ],
17 silly audit   dedent: [ '1.7.0' ],
17 silly audit   'deep-extend': [ '0.6.0' ],
17 silly audit   'deep-is': [ '0.1.4' ],
17 silly audit   deepmerge: [ '4.3.1' ],
17 silly audit   'default-gateway': [ '4.2.0', '6.0.3' ],
17 silly audit   execa: [ '1.0.0', '5.1.1' ],
17 silly audit   'is-stream': [ '1.1.0', '2.0.1' ],
17 silly audit   'npm-run-path': [ '2.0.2', '4.0.1' ],
17 silly audit   defaults: [ '1.0.4' ],
17 silly audit   'defer-to-connect': [ '2.0.1', '1.1.3' ],
17 silly audit   'define-data-property': [ '1.1.4' ],
17 silly audit   'define-lazy-prop': [ '2.0.0' ],
17 silly audit   'define-properties': [ '1.2.1' ],
17 silly audit   'delayed-stream': [ '1.0.0' ],
17 silly audit   depd: [ '2.0.0', '1.1.2' ],
17 silly audit   destroy: [ '1.2.0', '1.0.4' ],
17 silly audit   'detect-libc': [ '2.1.2' ],
17 silly audit   'detect-newline': [ '3.1.0' ],
17 silly audit   'detect-node': [ '2.1.0' ],
17 silly audit   'diff-sequences': [ '29.6.3' ],
17 silly audit   'dir-glob': [ '3.0.1' ],
17 silly audit   'dns-packet': [ '5.6.1' ],
17 silly audit   doctrine: [ '3.0.0', '2.1.0' ],
17 silly audit   'dom-converter': [ '0.2.0' ],
17 silly audit   'dom-serializer': [ '1.4.1' ],
17 silly audit   domelementtype: [ '2.3.0' ],
17 silly audit   domhandler: [ '4.3.1' ],
17 silly audit   domino: [ '2.1.6' ],
17 silly audit   domutils: [ '2.8.0' ],
17 silly audit   'dot-case': [ '3.0.4' ],
17 silly audit   dotenv: [ '16.4.7' ],
17 silly audit   'dotenv-expand': [ '11.0.7' ],
17 silly audit   'dunder-proto': [ '1.0.1' ],
17 silly audit   duplexer3: [ '0.1.5' ],
17 silly audit   'ee-first': [ '1.1.1' ],
17 silly audit   'electron-to-chromium': [ '1.5.265' ],
17 silly audit   emittery: [ '0.13.1' ],
17 silly audit   'emoji-regex': [ '8.0.0' ],
17 silly audit   'emojis-list': [ '3.0.0' ],
17 silly audit   encodeurl: [ '1.0.2', '2.0.0' ],
17 silly audit   'end-of-stream': [ '1.4.5' ],
17 silly audit   'enhanced-resolve': [ '5.18.4' ],
17 silly audit   entities: [ '2.2.0' ],
17 silly audit   'env-editor': [ '0.4.2' ],
17 silly audit   'env-paths': [ '2.2.1' ],
17 silly audit   envinfo: [ '7.21.0' ],
17 silly audit   'error-ex': [ '1.3.4' ],
17 silly audit   'error-stack-parser': [ '2.1.4' ],
17 silly audit   errorhandler: [ '1.5.1' ],
17 silly audit   'es-abstract': [ '1.24.0' ],
17 silly audit   'es-define-property': [ '1.0.1' ],
17 silly audit   'es-errors': [ '1.3.0' ],
17 silly audit   'es-iterator-helpers': [ '1.2.1' ],
17 silly audit   'es-module-lexer': [ '1.7.0' ],
17 silly audit   'es-object-atoms': [ '1.1.1' ],
17 silly audit   'es-set-tostringtag': [ '2.1.0' ],
17 silly audit   'es-shim-unscopables': [ '1.1.0' ],
17 silly audit   'es-to-primitive': [ '1.3.0' ],
17 silly audit   escalade: [ '3.2.0' ],
17 silly audit   'escape-html': [ '1.0.3' ],
17 silly audit   eslint: [ '8.57.1' ],
17 silly audit   'eslint-config-prettier': [ '8.10.2' ],
17 silly audit   'eslint-plugin-eslint-comments': [ '3.2.0' ],
17 silly audit   'eslint-plugin-ft-flow': [ '2.0.3' ],
17 silly audit   'eslint-plugin-jest': [ '29.2.1' ],
17 silly audit   'eslint-plugin-react': [ '7.37.5' ],
17 silly audit   'eslint-plugin-react-hooks': [ '5.2.0' ],
17 silly audit   'eslint-plugin-react-native': [ '4.1.0' ],
17 silly audit   'eslint-plugin-react-native-globals': [ '0.1.2' ],
17 silly audit   resolve: [ '2.0.0-next.5', '1.7.1', '1.22.11' ],
17 silly audit   'eslint-scope': [ '5.1.1', '7.2.2' ],
17 silly audit   estraverse: [ '4.3.0', '5.3.0' ],
17 silly audit   espree: [ '9.6.1' ],
17 silly audit   esprima: [ '4.0.1' ],
17 silly audit   esquery: [ '1.6.0' ],
17 silly audit   esrecurse: [ '4.3.0' ],
17 silly audit   esutils: [ '2.0.3' ],
17 silly audit   etag: [ '1.8.1' ],
17 silly audit   'event-target-shim': [ '5.0.1' ],
17 silly audit   eventemitter3: [ '4.0.7' ],
17 silly audit   events: [ '3.3.0' ],
17 silly audit   'exec-async': [ '2.2.0' ],
17 silly audit   exit: [ '0.1.2' ],
17 silly audit   expect: [ '29.7.0' ],
17 silly audit   expo: [ '54.0.28', '48.0.21' ],
17 silly audit   'expo-application': [ '5.1.1' ],
17 silly audit   'expo-asset': [ '8.9.2', '12.0.11' ],
17 silly audit   'expo-constants': [ '14.3.0', '14.2.1', '18.0.11' ],
17 silly audit   'expo-file-system': [ '15.3.0', '15.2.2', '19.0.20' ],
17 silly audit   'expo-cli': [ '6.3.10' ],
17 silly audit   'expo-font': [ '11.1.1', '14.0.10' ],
17 silly audit   'expo-keep-awake': [ '12.0.1', '15.0.8' ],
17 silly audit   'expo-modules-core': [ '3.0.28', '1.2.7' ],
17 silly audit   'expo-pwa': [ '0.0.125' ],
17 silly audit   'expo-server': [ '1.0.5' ],
17 silly audit   picomatch: [ '3.0.1', '2.3.1', '4.0.3' ],
17 silly audit   'source-map-support': [ '0.5.21', '0.5.13', '0.4.18' ],
17 silly audit   'exponential-backoff': [ '3.1.3' ],
17 silly audit   express: [ '4.16.4', '4.22.1' ],
17 silly audit   finalhandler: [ '1.1.1', '1.1.2', '1.3.2' ],
17 silly audit   'iconv-lite': [ '0.4.23', '0.4.24', '0.6.3' ],
17 silly audit   inherits: [ '2.0.3', '2.0.4' ],
17 silly audit   'on-finished': [ '2.3.0', '2.4.1' ],
17 silly audit   qs: [ '6.5.2', '6.14.0' ],
17 silly audit   'raw-body': [ '2.3.3', '2.5.3' ],
17 silly audit   'serve-static': [ '1.13.2', '1.16.2' ],
17 silly audit   setprototypeof: [ '1.1.0', '1.2.0' ],
17 silly audit   'fast-deep-equal': [ '3.1.3' ],
17 silly audit   'fast-glob': [ '3.3.3' ],
17 silly audit   'fast-json-stable-stringify': [ '2.1.0' ],
17 silly audit   'fast-levenshtein': [ '2.0.6' ],
17 silly audit   'fast-uri': [ '3.1.0' ],
17 silly audit   'fast-xml-parser': [ '4.5.3' ],
17 silly audit   fastq: [ '1.19.1' ],
17 silly audit   'faye-websocket': [ '0.11.4' ],
17 silly audit   'fb-dotslash': [ '0.5.8' ],
17 silly audit   'fb-watchman': [ '2.0.2' ],
17 silly audit   fbemitter: [ '3.0.0' ],
17 silly audit   fbjs: [ '3.0.5' ],
17 silly audit   'fbjs-css-vars': [ '1.0.2' ],
17 silly audit   promise: [ '7.3.1', '8.3.0' ],
17 silly audit   'fetch-retry': [ '4.1.1' ],
17 silly audit   'file-entry-cache': [ '6.0.1' ],
17 silly audit   'fill-range': [ '7.1.1' ],
17 silly audit   'filter-obj': [ '1.1.0' ],
17 silly audit   'find-babel-config': [ '1.2.2' ],
17 silly audit   'path-exists': [ '3.0.0', '4.0.0' ],
17 silly audit   'find-cache-dir': [ '3.3.2' ],
17 silly audit   'find-yarn-workspace-root': [ '2.0.0' ],
17 silly audit   'flat-cache': [ '3.2.0' ],
17 silly audit   flatted: [ '3.3.3' ],
17 silly audit   'flow-enums-runtime': [ '0.0.6' ],
17 silly audit   'follow-redirects': [ '1.15.11' ],
17 silly audit   fontfaceobserver: [ '2.3.0' ],
17 silly audit   'for-each': [ '0.3.5' ],
17 silly audit   forwarded: [ '0.2.0' ],
17 silly audit   'freeport-async': [ '2.0.0' ],
17 silly audit   fresh: [ '0.5.2' ],
17 silly audit   'fs-minipass': [ '2.1.0' ],
17 silly audit   'fs-monkey': [ '1.1.0' ],
17 silly audit   'fs.realpath': [ '1.0.0' ],
17 silly audit   fsevents: [ '2.3.3' ],
17 silly audit   'function-bind': [ '1.1.2' ],
17 silly audit   'function.prototype.name': [ '1.1.8' ],
17 silly audit   'functions-have-names': [ '1.2.3' ],
17 silly audit   'generator-function': [ '2.0.1' ],
17 silly audit   gensync: [ '1.0.0-beta.2' ],
17 silly audit   'get-caller-file': [ '2.0.5' ],
17 silly audit   'get-intrinsic': [ '1.3.0' ],
17 silly audit   'get-package-type': [ '0.1.0' ],
17 silly audit   'get-proto': [ '1.0.1' ],
17 silly audit   'get-symbol-description': [ '1.1.0' ],
17 silly audit   'glob-to-regexp': [ '0.4.1' ],
17 silly audit   'global-dirs': [ '0.1.1' ],
17 silly audit   globals: [ '13.24.0' ],
17 silly audit   globalthis: [ '1.0.4' ],
17 silly audit   gopd: [ '1.2.0' ],
17 silly audit   got: [ '11.8.6', '9.6.0' ],
17 silly audit   'graceful-fs': [ '4.2.11' ],
17 silly audit   graphemer: [ '1.4.0' ],
17 silly audit   graphql: [ '15.8.0' ],
17 silly audit   'graphql-tag': [ '2.12.6' ],
17 silly audit   'handle-thing': [ '2.0.1' ],
17 silly audit   'has-bigints': [ '1.1.0' ],
17 silly audit   'has-property-descriptors': [ '1.0.2' ],
17 silly audit   'has-proto': [ '1.2.0' ],
17 silly audit   'has-symbols': [ '1.1.0' ],
17 silly audit   'has-tostringtag': [ '1.0.2' ],
17 silly audit   hasbin: [ '1.2.3' ],
17 silly audit   hashids: [ '1.1.4' ],
17 silly audit   hasown: [ '2.0.2' ],
17 silly audit   he: [ '1.2.0' ],
17 silly audit   'hermes-compiler': [ '0.0.0' ],
17 silly audit   'hoist-non-react-statics': [ '3.3.2' ],
17 silly audit   'react-is': [ '16.13.1', '18.3.1', '19.2.1', '17.0.2' ],
17 silly audit   'hpack.js': [ '2.1.6' ],
17 silly audit   'html-entities': [ '2.6.0' ],
17 silly audit   'html-escaper': [ '2.0.2' ],
17 silly audit   'html-minifier-terser': [ '6.1.0' ],
17 silly audit   'html-webpack-plugin': [ '5.6.5' ],
17 silly audit   html2canvas: [ '1.4.1' ],
17 silly audit   htmlparser2: [ '6.1.0' ],
17 silly audit   'http-cache-semantics': [ '4.2.0' ],
17 silly audit   'http-deceiver': [ '1.2.7' ],
17 silly audit   'http-parser-js': [ '0.5.10' ],
17 silly audit   'http-proxy': [ '1.18.1' ],
17 silly audit   'http-proxy-middleware': [ '2.0.9' ],
17 silly audit   'is-plain-obj': [ '3.0.0', '2.1.0' ],
17 silly audit   'http2-wrapper': [ '1.0.3' ],
17 silly audit   'human-signals': [ '2.1.0' ],
17 silly audit   'icss-utils': [ '5.1.0' ],
17 silly audit   ieee754: [ '1.2.1' ],
17 silly audit   'image-size': [ '1.2.1' ],
17 silly audit   'import-fresh': [ '3.3.1' ],
17 silly audit   'import-local': [ '3.2.0' ],
17 silly audit   imurmurhash: [ '0.1.4' ],
17 silly audit   'indent-string': [ '4.0.0' ],
17 silly audit   'infer-owner': [ '1.0.4' ],
17 silly audit   inflight: [ '1.0.6' ],
17 silly audit   ini: [ '1.3.8' ],
17 silly audit   'internal-ip': [ '4.3.0' ],
17 silly audit   'internal-slot': [ '1.1.0' ],
17 silly audit   invariant: [ '2.2.4' ],
17 silly audit   'ip-regex': [ '2.1.0' ],
17 silly audit   'ipaddr.js': [ '1.9.1', '2.3.0' ],
17 silly audit   'is-array-buffer': [ '3.0.5' ],
17 silly audit   'is-arrayish': [ '0.2.1', '0.3.4' ],
17 silly audit   'is-async-function': [ '2.1.1' ],
17 silly audit   'is-bigint': [ '1.1.0' ],
17 silly audit   'is-binary-path': [ '2.1.0' ],
17 silly audit   'is-boolean-object': [ '1.2.2' ],
17 silly audit   'is-buffer': [ '1.1.6' ],
17 silly audit   'is-callable': [ '1.2.7' ],
17 silly audit   'is-core-module': [ '2.16.1' ],
17 silly audit   'is-data-view': [ '1.0.2' ],
17 silly audit   'is-date-object': [ '1.1.0' ],
17 silly audit   'is-docker': [ '2.2.1' ],
17 silly audit   'is-extglob': [ '2.1.1', '1.0.0' ],
17 silly audit   'is-finalizationregistry': [ '1.1.1' ],
17 silly audit   'is-fullwidth-code-point': [ '2.0.0', '3.0.0' ],
17 silly audit   'is-generator-fn': [ '2.1.0' ],
17 silly audit   'is-generator-function': [ '1.1.2' ],
17 silly audit   'is-glob': [ '4.0.3', '2.0.1' ],
17 silly audit   'is-interactive': [ '1.0.0' ],
17 silly audit   'is-invalid-path': [ '0.1.0' ],
17 silly audit   'is-map': [ '2.0.3' ],
17 silly audit   'is-negative-zero': [ '2.0.3' ],
17 silly audit   'is-number': [ '7.0.0' ],
17 silly audit   'is-number-object': [ '1.1.1' ],
17 silly audit   'is-path-cwd': [ '2.2.0' ],
17 silly audit   'is-path-in-cwd': [ '2.1.0' ],
17 silly audit   'is-path-inside': [ '2.1.0', '3.0.3' ],
17 silly audit   'is-port-reachable': [ '2.0.1' ],
17 silly audit   'is-reachable': [ '4.0.0' ],
17 silly audit   'lowercase-keys': [ '1.0.1', '2.0.0' ],
17 silly audit   'json-buffer': [ '3.0.0', '3.0.1' ],
17 silly audit   keyv: [ '3.1.0', '4.5.4' ],
17 silly audit   'normalize-url': [ '4.5.1', '6.1.0' ],
17 silly audit   'p-cancelable': [ '1.1.0', '2.1.1' ],
17 silly audit   'p-timeout': [ '3.2.0', '3.1.0' ],
17 silly audit   responselike: [ '1.0.2', '2.0.1' ],
17 silly audit   'is-regex': [ '1.2.1' ],
17 silly audit   'is-root': [ '2.1.0' ],
17 silly audit   'is-set': [ '2.0.3' ],
17 silly audit   'is-shared-array-buffer': [ '1.0.4' ],
17 silly audit   'is-string': [ '1.1.1' ],
17 silly audit   'is-symbol': [ '1.1.1' ],
17 silly audit   'is-typed-array': [ '1.1.15' ],
17 silly audit   'is-unicode-supported': [ '0.1.0' ],
17 silly audit   'is-valid-path': [ '0.1.1' ],
17 silly audit   'is-weakmap': [ '2.0.2' ],
17 silly audit   'is-weakref': [ '1.1.1' ],
17 silly audit   'is-weakset': [ '2.0.4' ],
17 silly audit   isexe: [ '2.0.0' ],
17 silly audit   'istanbul-lib-coverage': [ '3.2.2' ],
17 silly audit   'istanbul-lib-report': [ '3.0.1' ],
17 silly audit   'istanbul-lib-source-maps': [ '4.0.1' ],
17 silly audit   'istanbul-reports': [ '3.2.0' ],
17 silly audit   'iterator.prototype': [ '1.1.5' ],
17 silly audit   jest: [ '29.7.0' ],
17 silly audit   'jest-changed-files': [ '29.7.0' ],
17 silly audit   'jest-circus': [ '29.7.0' ],
17 silly audit   'jest-cli': [ '29.7.0' ],
17 silly audit   'jest-config': [ '29.7.0' ],
17 silly audit   'jest-diff': [ '29.7.0' ],
17 silly audit   'jest-docblock': [ '29.7.0' ],
17 silly audit   'jest-each': [ '29.7.0' ],
17 silly audit   'jest-environment-node': [ '29.7.0' ],
17 silly audit   'jest-get-type': [ '29.6.3' ],
17 silly audit   'jest-haste-map': [ '29.7.0' ],
17 silly audit   'jest-leak-detector': [ '29.7.0' ],
17 silly audit   'jest-matcher-utils': [ '29.7.0' ],
17 silly audit   'jest-message-util': [ '29.7.0' ],
17 silly audit   'jest-mock': [ '29.7.0' ],
17 silly audit   'jest-pnp-resolver': [ '1.2.3' ],
17 silly audit   'jest-regex-util': [ '29.6.3' ],
17 silly audit   'jest-resolve': [ '29.7.0' ],
17 silly audit   'jest-resolve-dependencies': [ '29.7.0' ],
17 silly audit   'jest-runner': [ '29.7.0' ],
17 silly audit   'jest-runtime': [ '29.7.0' ],
17 silly audit   'jest-snapshot': [ '29.7.0' ],
17 silly audit   'jest-util': [ '29.7.0' ],
17 silly audit   'jest-validate': [ '29.7.0' ],
17 silly audit   'jest-watcher': [ '29.7.0' ],
17 silly audit   'jimp-compact': [ '0.16.1' ],
17 silly audit   joi: [ '17.13.3' ],
17 silly audit   'join-component': [ '1.1.0' ],
17 silly audit   'js-tokens': [ '4.0.0' ],
17 silly audit   'jsc-safe-url': [ '0.2.4' ],
17 silly audit   jsesc: [ '3.1.0' ],
17 silly audit   'json-parse-even-better-errors': [ '2.3.1' ],
17 silly audit   'json-schema-deref-sync': [ '0.13.0' ],
17 silly audit   md5: [ '2.2.1', '2.3.0' ],
17 silly audit   'json-stable-stringify-without-jsonify': [ '1.0.1' ],
17 silly audit   'jsx-ast-utils': [ '3.3.5' ],
17 silly audit   keychain: [ '1.3.0' ],
17 silly audit   kleur: [ '3.0.3' ],
17 silly audit   'lan-network': [ '0.1.7' ],
17 silly audit   'latest-version': [ '5.1.0' ],
17 silly audit   'launch-editor': [ '2.12.0' ],
17 silly audit   leven: [ '3.1.0' ],
17 silly audit   levn: [ '0.4.1' ],
17 silly audit   'lighthouse-logger': [ '1.4.2' ],
17 silly audit   lightningcss: [ '1.30.2' ],
17 silly audit   'lightningcss-android-arm64': [ '1.30.2' ],
17 silly audit   'lightningcss-darwin-arm64': [ '1.30.2' ],
17 silly audit   'lightningcss-darwin-x64': [ '1.30.2' ],
17 silly audit   'lightningcss-freebsd-x64': [ '1.30.2' ],
17 silly audit   'lightningcss-linux-arm-gnueabihf': [ '1.30.2' ],
17 silly audit   'lightningcss-linux-arm64-gnu': [ '1.30.2' ],
17 silly audit   'lightningcss-linux-arm64-musl': [ '1.30.2' ],
17 silly audit   'lightningcss-linux-x64-gnu': [ '1.30.2' ],
17 silly audit   'lightningcss-linux-x64-musl': [ '1.30.2' ],
17 silly audit   'lightningcss-win32-arm64-msvc': [ '1.30.2' ],
17 silly audit   'lightningcss-win32-x64-msvc': [ '1.30.2' ],
17 silly audit   lilconfig: [ '2.1.0' ],
17 silly audit   'lines-and-columns': [ '1.2.4' ],
17 silly audit   'loader-runner': [ '4.3.1' ],
17 silly audit   'loader-utils': [ '2.0.4' ],
17 silly audit   lodash: [ '4.17.21' ],
17 silly audit   'lodash.debounce': [ '4.0.8' ],
17 silly audit   'lodash.memoize': [ '4.1.2' ],
17 silly audit   'lodash.merge': [ '4.6.2' ],
17 silly audit   'lodash.throttle': [ '4.1.1' ],
17 silly audit   'lodash.uniq': [ '4.5.0' ],
17 silly audit   logkitty: [ '0.7.1' ],
17 silly audit   'wrap-ansi': [ '6.2.0', '7.0.0' ],
17 silly audit   y18n: [ '4.0.3', '5.0.8' ],
17 silly audit   yargs: [ '15.4.1', '17.7.2' ],
17 silly audit   'yargs-parser': [ '18.1.3', '21.1.1' ],
17 silly audit   'loose-envify': [ '1.4.0' ],
17 silly audit   'lower-case': [ '2.0.2' ],
17 silly audit   makeerror: [ '1.0.12' ],
17 silly audit   marky: [ '1.3.0' ],
17 silly audit   'math-intrinsics': [ '1.1.0' ],
17 silly audit   'md5-file': [ '3.2.3' ],
17 silly audit   md5hex: [ '1.0.0' ],
17 silly audit   'mdn-data': [ '2.0.14' ],
17 silly audit   'media-typer': [ '0.3.0' ],
17 silly audit   memfs: [ '3.5.3' ],
17 silly audit   'memoize-one': [ '5.2.1' ],
17 silly audit   'memory-cache': [ '0.2.0' ],
17 silly audit   'merge-descriptors': [ '1.0.1', '1.0.3' ],
17 silly audit   'merge-options': [ '3.0.4' ],
17 silly audit   'merge-stream': [ '2.0.0' ],
17 silly audit   merge2: [ '1.4.1' ],
17 silly audit   methods: [ '1.1.2' ],
17 silly audit   'metro-react-native-babel-preset': [ '0.73.9' ],
17 silly audit   'react-refresh': [ '0.4.3', '0.14.2' ],
17 silly audit   micromatch: [ '4.0.8' ],
17 silly audit   'mime-db': [ '1.54.0', '1.52.0' ],
17 silly audit   'mime-types': [ '2.1.35' ],
17 silly audit   'mini-css-extract-plugin': [ '2.9.4' ],
17 silly audit   'minimalistic-assert': [ '1.0.1' ],
17 silly audit   minimist: [ '1.2.8' ],
17 silly audit   'minipass-collect': [ '1.0.2' ],
17 silly audit   'minipass-flush': [ '1.0.5' ],
17 silly audit   'minipass-pipeline': [ '1.2.4' ],
17 silly audit   mkdirp: [ '1.0.4', '0.5.6' ],
17 silly audit   'multicast-dns': [ '7.2.5' ],
17 silly audit   mv: [ '2.1.1' ],
17 silly audit   mz: [ '2.7.0' ],
17 silly audit   nanoid: [ '3.3.11' ],
17 silly audit   'natural-compare': [ '1.4.0' ],
17 silly audit   ncp: [ '2.0.0' ],
17 silly audit   needle: [ '2.9.1' ],
17 silly audit   'neo-async': [ '2.6.2' ],
17 silly audit   'nested-error-stacks': [ '2.0.1' ],
17 silly audit   'nice-try': [ '1.0.5' ],
17 silly audit   'no-case': [ '3.0.4' ],
17 silly audit   nocache: [ '3.0.4' ],
17 silly audit   'node-fetch': [ '2.7.0' ],
17 silly audit   'node-forge': [ '1.3.3', '0.10.0' ],
17 silly audit   'node-html-parser': [ '5.4.2' ],
17 silly audit   'node-int64': [ '0.4.0' ],
17 silly audit   'node-releases': [ '2.0.27' ],
17 silly audit   'node-stream-zip': [ '1.15.0' ],
17 silly audit   'normalize-path': [ '3.0.0' ],
17 silly audit   'nth-check': [ '2.1.1' ],
17 silly audit   nullthrows: [ '1.1.1' ],
17 silly audit   'object-assign': [ '4.1.1' ],
17 silly audit   'object-inspect': [ '1.13.4' ],
17 silly audit   'object-keys': [ '1.1.1' ],
17 silly audit   'object.assign': [ '4.1.7' ],
17 silly audit   'object.entries': [ '1.1.9' ],
17 silly audit   'object.fromentries': [ '2.0.8' ],
17 silly audit   'object.values': [ '1.2.1' ],
17 silly audit   obuf: [ '1.1.2' ],
17 silly audit   'on-headers': [ '1.1.0' ],
17 silly audit   once: [ '1.4.0' ],
17 silly audit   optionator: [ '0.9.4' ],
17 silly audit   'os-homedir': [ '1.0.2' ],
17 silly audit   'os-tmpdir': [ '1.0.2' ],
17 silly audit   osenv: [ '0.1.5' ],
17 silly audit   'own-keys': [ '1.0.1' ],
17 silly audit   'p-any': [ '2.1.0' ],
17 silly audit   'p-finally': [ '1.0.0' ],
17 silly audit   'p-retry': [ '4.1.0', '4.6.2' ],
17 silly audit   'p-some': [ '4.1.0' ],
17 silly audit   'p-try': [ '2.2.0' ],
17 silly audit   'package-json': [ '6.4.0' ],
17 silly audit   'param-case': [ '3.0.4' ],
17 silly audit   'parent-module': [ '1.0.1' ],
17 silly audit   'parse-json': [ '5.2.0' ],
17 silly audit   'parse-png': [ '2.1.0' ],
17 silly audit   parseurl: [ '1.3.3' ],
17 silly audit   'pascal-case': [ '3.1.2' ],
17 silly audit   'path-browserify': [ '1.0.1' ],
17 silly audit   'path-is-absolute': [ '1.0.1' ],
17 silly audit   'path-is-inside': [ '1.0.2' ],
17 silly audit   'path-parse': [ '1.0.7' ],
17 silly audit   'path-scurry': [ '2.0.1' ],
17 silly audit   'path-to-regexp': [ '0.1.7', '0.1.12' ],
17 silly audit   'path-type': [ '4.0.0' ],
17 silly audit   picker: [ '0.1.4' ],
17 silly audit   picocolors: [ '1.1.1' ],
17 silly audit   pinkie: [ '2.0.4' ],
17 silly audit   'pinkie-promise': [ '2.0.1' ],
17 silly audit   pirates: [ '4.0.7' ],
17 silly audit   'pkg-dir': [ '4.2.0' ],
17 silly audit   'pkg-up': [ '3.1.0' ],
17 silly audit   plist: [ '3.1.0' ],
17 silly audit   pngjs: [ '3.4.0' ],
17 silly audit   'possible-typed-array-names': [ '1.1.0' ],
17 silly audit   postcss: [ '8.4.49' ],
17 silly audit   'postcss-calc': [ '8.2.4' ],
17 silly audit   'postcss-colormin': [ '5.3.1' ],
17 silly audit   'postcss-convert-values': [ '5.1.3' ],
17 silly audit   'postcss-discard-comments': [ '5.1.2' ],
17 silly audit   'postcss-discard-duplicates': [ '5.1.0' ],
17 silly audit   'postcss-discard-empty': [ '5.1.1' ],
17 silly audit   'postcss-discard-overridden': [ '5.1.0' ],
17 silly audit   'postcss-merge-longhand': [ '5.1.7' ],
17 silly audit   'postcss-merge-rules': [ '5.1.4' ],
17 silly audit   'postcss-minify-font-values': [ '5.1.0' ],
17 silly audit   'postcss-minify-gradients': [ '5.1.1' ],
17 silly audit   'postcss-minify-params': [ '5.1.4' ],
17 silly audit   'postcss-minify-selectors': [ '5.2.1' ],
17 silly audit   'postcss-modules-extract-imports': [ '3.1.0' ],
17 silly audit   'postcss-modules-local-by-default': [ '4.2.0' ],
17 silly audit   'postcss-selector-parser': [ '7.1.1', '6.1.2' ],
17 silly audit   'postcss-modules-scope': [ '3.2.1' ],
17 silly audit   'postcss-modules-values': [ '4.0.0' ],
17 silly audit   'postcss-normalize-charset': [ '5.1.0' ],
17 silly audit   'postcss-normalize-display-values': [ '5.1.0' ],
17 silly audit   'postcss-normalize-positions': [ '5.1.1' ],
17 silly audit   'postcss-normalize-repeat-style': [ '5.1.1' ],
17 silly audit   'postcss-normalize-string': [ '5.1.0' ],
17 silly audit   'postcss-normalize-timing-functions': [ '5.1.0' ],
17 silly audit   'postcss-normalize-unicode': [ '5.1.1' ],
17 silly audit   'postcss-normalize-url': [ '5.1.0' ],
17 silly audit   'postcss-normalize-whitespace': [ '5.1.1' ],
17 silly audit   'postcss-ordered-values': [ '5.1.3' ],
17 silly audit   'postcss-reduce-initial': [ '5.1.2' ],
17 silly audit   'postcss-reduce-transforms': [ '5.1.0' ],
17 silly audit   'postcss-svgo': [ '5.1.0' ],
17 silly audit   'postcss-unique-selectors': [ '5.1.1' ],
17 silly audit   'postcss-value-parser': [ '4.2.0' ],
17 silly audit   'prelude-ls': [ '1.2.1' ],
17 silly audit   'prepend-http': [ '3.0.1', '2.0.0' ],
17 silly audit   prettier: [ '2.8.8' ],
17 silly audit   'pretty-bytes': [ '5.6.0' ],
17 silly audit   'pretty-error': [ '4.0.0' ],
17 silly audit   'pretty-format': [ '29.7.0', '26.6.2' ],
17 silly audit   'proc-log': [ '4.2.0' ],
17 silly audit   'process-nextick-args': [ '2.0.1' ],
17 silly audit   progress: [ '2.0.3' ],
17 silly audit   'promise-inflight': [ '1.0.1' ],
17 silly audit   prompts: [ '2.4.2' ],
17 silly audit   'prop-types': [ '15.8.1' ],
17 silly audit   'proxy-addr': [ '2.0.7' ],
17 silly audit   'proxy-from-env': [ '1.1.0' ],
17 silly audit   pump: [ '3.0.3' ],
17 silly audit   punycode: [ '2.3.1' ],
17 silly audit   'pure-rand': [ '6.1.0' ],
17 silly audit   'qrcode-terminal': [ '0.11.0' ],
17 silly audit   'query-string': [ '7.1.3' ],
17 silly audit   querystringify: [ '2.2.0' ],
17 silly audit   queue: [ '6.0.2' ],
17 silly audit   'queue-microtask': [ '1.2.3' ],
17 silly audit   'quick-lru': [ '5.1.1' ],
17 silly audit   randombytes: [ '2.1.0' ],
17 silly audit   'range-parser': [ '1.2.1' ],
17 silly audit   rc: [ '1.2.8' ],
17 silly audit   'strip-json-comments': [ '2.0.1', '3.1.1' ],
17 silly audit   react: [ '19.1.1' ],
17 silly audit   'react-devtools-core': [ '6.1.5' ],
17 silly audit   'react-freeze': [ '1.0.4' ],
17 silly audit   'react-native': [ '0.82.1' ],
17 silly audit   'react-native-fs': [ '2.20.0' ],
17 silly audit   'react-native-geolocation-service': [ '5.3.1' ],
17 silly audit   'react-native-gesture-handler': [ '2.29.1' ],
17 silly audit   'react-native-image-picker': [ '8.2.1' ],
17 silly audit   'react-native-image-resizer': [ '1.4.5' ],
17 silly audit   'react-native-safe-area-context': [ '5.6.2' ],
17 silly audit   'react-native-screens': [ '4.18.0' ],
17 silly audit   'react-native-share': [ '12.2.1' ],
17 silly audit   'react-native-view-shot': [ '4.0.3' ],
17 silly audit   'react-test-renderer': [ '19.1.1' ],
17 silly audit   'read-chunk': [ '3.2.0' ],
17 silly audit   'read-last-lines': [ '1.6.0' ],
17 silly audit   readdirp: [ '3.6.0' ],
17 silly audit   'reflect.getprototypeof': [ '1.0.10' ],
17 silly audit   regenerate: [ '1.4.2' ],
17 silly audit   'regenerate-unicode-properties': [ '10.2.2' ],
17 silly audit   'regenerator-runtime': [ '0.13.11' ],
17 silly audit   'regexp.prototype.flags': [ '1.5.4' ],
17 silly audit   'regexpu-core': [ '6.4.0' ],
17 silly audit   'registry-auth-token': [ '3.4.0', '3.3.2' ],
17 silly audit   'registry-url': [ '5.1.0', '3.1.0' ],
17 silly audit   regjsgen: [ '0.8.0' ],
17 silly audit   regjsparser: [ '0.13.0' ],
17 silly audit   relateurl: [ '0.2.7' ],
17 silly audit   'remove-trailing-slash': [ '0.1.1' ],
17 silly audit   renderkid: [ '3.0.0' ],
17 silly audit   'require-directory': [ '2.1.1' ],
17 silly audit   'require-from-string': [ '2.0.2' ],
17 silly audit   'require-main-filename': [ '2.0.0' ],
17 silly audit   requireg: [ '0.2.2' ],
17 silly audit   'requires-port': [ '1.0.0' ],
17 silly audit   reselect: [ '4.1.8' ],
17 silly audit   'resolve-alpn': [ '1.2.1' ],
17 silly audit   'resolve-cwd': [ '3.0.0' ],
17 silly audit   'resolve-global': [ '1.0.0' ],
17 silly audit   'resolve-workspace-root': [ '2.0.0' ],
17 silly audit   'resolve.exports': [ '2.0.3' ],
17 silly audit   retry: [ '0.12.0', '0.13.1' ],
17 silly audit   reusify: [ '1.1.0' ],
17 silly audit   'router-ips': [ '1.0.0' ],
17 silly audit   'run-parallel': [ '1.2.0' ],
17 silly audit   'safe-array-concat': [ '1.1.3' ],
17 silly audit   'safe-json-stringify': [ '1.2.0' ],
17 silly audit   'safe-push-apply': [ '1.0.0' ],
17 silly audit   'safe-regex-test': [ '1.1.0' ],
17 silly audit   'safer-buffer': [ '2.1.2' ],
17 silly audit   sax: [ '1.4.3' ],
17 silly audit   scheduler: [ '0.26.0' ],
17 silly audit   'select-hose': [ '2.0.0' ],
17 silly audit   selfsigned: [ '2.4.1' ],
17 silly audit   'serialize-javascript': [ '6.0.2' ],
17 silly audit   'serve-index': [ '1.9.1' ],
17 silly audit   'set-blocking': [ '2.0.0' ],
17 silly audit   'set-function-length': [ '1.2.2' ],
17 silly audit   'set-function-name': [ '2.0.2' ],
17 silly audit   'set-proto': [ '1.0.0' ],
17 silly audit   setimmediate: [ '1.0.5' ],
17 silly audit   'sf-symbols-typescript': [ '2.2.0' ],
17 silly audit   'shell-quote': [ '1.8.3' ],
17 silly audit   'side-channel': [ '1.1.0' ],
17 silly audit   'side-channel-list': [ '1.0.0' ],
17 silly audit   'side-channel-map': [ '1.0.1' ],
17 silly audit   'side-channel-weakmap': [ '1.0.2' ],
17 silly audit   'signal-exit': [ '3.0.7' ],
17 silly audit   'simple-plist': [ '1.3.1' ],
17 silly audit   'simple-swizzle': [ '0.2.4' ],
17 silly audit   sisteransi: [ '1.0.5' ],
17 silly audit   'slice-ansi': [ '2.1.0' ],
17 silly audit   slugify: [ '1.6.6' ],
17 silly audit   sockjs: [ '0.3.24' ],
17 silly audit   'source-list-map': [ '2.0.1' ],
17 silly audit   'source-map-js': [ '1.2.1' ],
17 silly audit   'source-map-loader': [ '3.0.2' ],
17 silly audit   spdy: [ '4.0.2' ],
17 silly audit   'spdy-transport': [ '3.0.0' ],
17 silly audit   split: [ '1.0.1' ],
17 silly audit   'split-on-first': [ '1.1.0' ],
17 silly audit   'sprintf-js': [ '1.0.3' ],
17 silly audit   ssri: [ '8.0.1' ],
17 silly audit   stable: [ '0.1.8' ],
17 silly audit   'stack-utils': [ '2.0.6' ],
17 silly audit   stackframe: [ '1.3.4' ],
17 silly audit   'stacktrace-parser': [ '0.1.11' ],
17 silly audit   'stop-iteration-iterator': [ '1.1.0' ],
17 silly audit   'stream-buffers': [ '2.2.0' ],
17 silly audit   'stream-parser': [ '0.3.1' ],
17 silly audit   'strict-uri-encode': [ '2.0.0' ],
17 silly audit   'string-length': [ '4.0.2' ],
17 silly audit   'string-natural-compare': [ '3.0.1' ],
17 silly audit   'string-width': [ '4.2.3' ],
17 silly audit   'string.prototype.matchall': [ '4.0.12' ],
17 silly audit   'string.prototype.repeat': [ '1.0.0' ],
17 silly audit   'string.prototype.trim': [ '1.2.10' ],
17 silly audit   'string.prototype.trimend': [ '1.0.9' ],
17 silly audit   'string.prototype.trimstart': [ '1.0.8' ],
17 silly audit   'strip-bom': [ '4.0.0' ],
17 silly audit   'strip-eof': [ '1.0.0' ],
17 silly audit   'strip-final-newline': [ '2.0.0' ],
17 silly audit   strnum: [ '1.1.2' ],
17 silly audit   'structured-headers': [ '0.4.1' ],
17 silly audit   'style-loader': [ '3.3.4' ],
17 silly audit   stylehacks: [ '5.1.1' ],
17 silly audit   sucrase: [ '3.35.1' ],
17 silly audit   'sudo-prompt': [ '9.1.1' ],
17 silly audit   'supports-hyperlinks': [ '2.3.0' ],
17 silly audit   'supports-preserve-symlinks-flag': [ '1.0.0' ],
17 silly audit   svgo: [ '2.8.0' ],
17 silly audit   tapable: [ '2.3.0' ],
17 silly audit   'terminal-link': [ '2.1.1' ],
17 silly audit   terser: [ '5.44.1' ],
17 silly audit   'terser-webpack-plugin': [ '5.3.16' ],
17 silly audit   'test-exclude': [ '6.0.0' ],
17 silly audit   'text-segmentation': [ '1.0.3' ],
17 silly audit   'text-table': [ '0.2.0' ],
17 silly audit   thenify: [ '3.3.1' ],
17 silly audit   'thenify-all': [ '1.6.0' ],
17 silly audit   throat: [ '5.0.0' ],
17 silly audit   through: [ '2.3.8' ],
17 silly audit   thunky: [ '1.1.0' ],
17 silly audit   tinyglobby: [ '0.2.15' ],
17 silly audit   fdir: [ '6.5.0' ],
17 silly audit   tmpl: [ '1.0.5' ],
17 silly audit   'to-readable-stream': [ '1.0.0' ],
17 silly audit   'to-regex-range': [ '5.0.1' ],
17 silly audit   toidentifier: [ '1.0.1' ],
17 silly audit   tr46: [ '0.0.3' ],
17 silly audit   traverse: [ '0.6.11' ],
17 silly audit   'tree-kill': [ '1.2.2' ],
17 silly audit   'ts-api-utils': [ '2.1.0' ],
17 silly audit   'ts-interface-checker': [ '0.1.13' ],
17 silly audit   tslib: [ '2.8.1' ],
17 silly audit   turndown: [ '7.0.0' ],
17 silly audit   'type-check': [ '0.4.0' ],
17 silly audit   'type-detect': [ '4.0.8' ],
17 silly audit   'type-is': [ '1.6.18' ],
17 silly audit   'typed-array-buffer': [ '1.0.3' ],
17 silly audit   'typed-array-byte-length': [ '1.0.3' ],
17 silly audit   'typed-array-byte-offset': [ '1.0.4' ],
17 silly audit   'typed-array-length': [ '1.0.7' ],
17 silly audit   typedarray: [ '0.0.6' ],
17 silly audit   'typedarray.prototype.slice': [ '1.0.5' ],
17 silly audit   typescript: [ '5.9.3' ],
17 silly audit   'ua-parser-js': [ '1.0.41' ],
17 silly audit   'unbox-primitive': [ '1.1.0' ],
17 silly audit   undici: [ '6.22.0' ],
17 silly audit   'undici-types': [ '7.16.0' ],
17 silly audit   'unicode-canonical-property-names-ecmascript': [ '2.0.1' ],
17 silly audit   'unicode-match-property-ecmascript': [ '2.0.0' ],
17 silly audit   'unicode-match-property-value-ecmascript': [ '2.2.1' ],
17 silly audit   'unicode-property-aliases-ecmascript': [ '2.2.0' ],
17 silly audit   'unique-filename': [ '1.1.1' ],
17 silly audit   'unique-slug': [ '2.0.2' ],
17 silly audit   unpipe: [ '1.0.0' ],
17 silly audit   untildify: [ '3.0.3' ],
17 silly audit   'update-browserslist-db': [ '1.2.2' ],
17 silly audit   'update-check': [ '1.5.3' ],
17 silly audit   'uri-js': [ '4.4.1' ],
17 silly audit   'url-join': [ '4.0.0' ],
17 silly audit   'url-parse': [ '1.5.10' ],
17 silly audit   'url-parse-lax': [ '3.0.0' ],
17 silly audit   'use-latest-callback': [ '0.2.6' ],
17 silly audit   'use-sync-external-store': [ '1.6.0' ],
17 silly audit   utf8: [ '3.0.0' ],
17 silly audit   'util-deprecate': [ '1.0.2' ],
17 silly audit   utila: [ '0.4.0' ],
17 silly audit   'utils-merge': [ '1.0.1' ],
17 silly audit   utrie: [ '1.0.2' ],
17 silly audit   'v8-to-istanbul': [ '9.3.0' ],
17 silly audit   'valid-url': [ '1.0.9' ],
17 silly audit   vary: [ '1.1.2' ],
17 silly audit   vlq: [ '1.0.1' ],
17 silly audit   walker: [ '1.0.8' ],
17 silly audit   'warn-once': [ '0.1.1' ],
17 silly audit   watchpack: [ '2.4.4' ],
17 silly audit   wbuf: [ '1.7.3' ],
17 silly audit   wcwidth: [ '1.0.1' ],
17 silly audit   'webidl-conversions': [ '5.0.0', '3.0.1' ],
17 silly audit   webpack: [ '5.103.0' ],
17 silly audit   'webpack-dev-middleware': [ '5.3.4' ],
17 silly audit   'webpack-dev-server': [ '4.15.2' ],
17 silly audit   'webpack-manifest-plugin': [ '4.1.1' ],
17 silly audit   'webpack-sources': [ '2.3.1', '3.3.3' ],
17 silly audit   'websocket-driver': [ '0.7.4' ],
17 silly audit   'websocket-extensions': [ '0.1.4' ],
17 silly audit   'whatwg-fetch': [ '3.6.20' ],
17 silly audit   'whatwg-url': [ '5.0.0' ],
17 silly audit   'whatwg-url-without-unicode': [ '8.0.0-3' ],
17 silly audit   'which-boxed-primitive': [ '1.1.1' ],
17 silly audit   'which-builtin-type': [ '1.2.1' ],
17 silly audit   'which-collection': [ '1.0.2' ],
17 silly audit   'which-module': [ '2.0.1' ],
17 silly audit   'which-typed-array': [ '1.1.19' ],
17 silly audit   'widest-line': [ '3.1.0' ],
17 silly audit   'with-open-file': [ '0.1.7' ],
17 silly audit   'word-wrap': [ '1.2.5' ],
17 silly audit   wrappy: [ '1.0.2' ],
17 silly audit   xcode: [ '3.0.1' ],
17 silly audit   xdl: [ '60.0.10' ],
17 silly audit   '@expo/webpack-config': [ '18.1.0' ],
17 silly audit   'yocto-queue': [ '0.1.0' ],
17 silly audit   '@types/react-native': [ '0.73.0' ]
17 silly audit }
18 verbose reify failed optional dependency D:\fairproject\Dalgaebi\node_modules\lightningcss-win32-arm64-msvc
19 silly reify mark deleted [
19 silly reify   'D:\\fairproject\\Dalgaebi\\node_modules\\lightningcss-win32-arm64-msvc'
19 silly reify ]
20 verbose reify failed optional dependency D:\fairproject\Dalgaebi\node_modules\lightningcss-linux-x64-musl
21 silly reify mark deleted [
21 silly reify   'D:\\fairproject\\Dalgaebi\\node_modules\\lightningcss-linux-x64-musl'
21 silly reify ]
22 verbose reify failed optional dependency D:\fairproject\Dalgaebi\node_modules\lightningcss-linux-x64-gnu
23 silly reify mark deleted [
23 silly reify   'D:\\fairproject\\Dalgaebi\\node_modules\\lightningcss-linux-x64-gnu'
23 silly reify ]
24 verbose reify failed optional dependency D:\fairproject\Dalgaebi\node_modules\lightningcss-linux-arm64-musl
25 silly reify mark deleted [
25 silly reify   'D:\\fairproject\\Dalgaebi\\node_modules\\lightningcss-linux-arm64-musl'
25 silly reify ]
26 verbose reify failed optional dependency D:\fairproject\Dalgaebi\node_modules\lightningcss-linux-arm64-gnu
27 silly reify mark deleted [
27 silly reify   'D:\\fairproject\\Dalgaebi\\node_modules\\lightningcss-linux-arm64-gnu'
27 silly reify ]
28 verbose reify failed optional dependency D:\fairproject\Dalgaebi\node_modules\lightningcss-linux-arm-gnueabihf
29 silly reify mark deleted [
29 silly reify   'D:\\fairproject\\Dalgaebi\\node_modules\\lightningcss-linux-arm-gnueabihf'
29 silly reify ]
30 verbose reify failed optional dependency D:\fairproject\Dalgaebi\node_modules\lightningcss-freebsd-x64
31 silly reify mark deleted [ 'D:\\fairproject\\Dalgaebi\\node_modules\\lightningcss-freebsd-x64' ]
32 verbose reify failed optional dependency D:\fairproject\Dalgaebi\node_modules\lightningcss-darwin-x64
33 silly reify mark deleted [ 'D:\\fairproject\\Dalgaebi\\node_modules\\lightningcss-darwin-x64' ]
34 verbose reify failed optional dependency D:\fairproject\Dalgaebi\node_modules\lightningcss-darwin-arm64
35 silly reify mark deleted [
35 silly reify   'D:\\fairproject\\Dalgaebi\\node_modules\\lightningcss-darwin-arm64'
35 silly reify ]
36 verbose reify failed optional dependency D:\fairproject\Dalgaebi\node_modules\lightningcss-android-arm64
37 silly reify mark deleted [
37 silly reify   'D:\\fairproject\\Dalgaebi\\node_modules\\lightningcss-android-arm64'
37 silly reify ]
38 verbose reify failed optional dependency D:\fairproject\Dalgaebi\node_modules\fsevents
39 silly reify mark deleted [ 'D:\\fairproject\\Dalgaebi\\node_modules\\fsevents' ]
40 silly tarball no local data for @types/react-native@https://registry.npmjs.org/@types/react-native/-/react-native-0.73.0.tgz. Extracting by manifest.
41 http fetch POST 200 https://registry.npmjs.org/-/npm/v1/security/advisories/bulk 241ms
42 silly audit report {
42 silly audit report   '@babel/runtime': [
42 silly audit report     {
42 silly audit report       id: 1104000,
42 silly audit report       url: 'https://github.com/advisories/GHSA-968p-4wvh-cqc8',
42 silly audit report       title: 'Babel has inefficient RegExp complexity in generated code with .replace when transpiling named capturing groups',
42 silly audit report       severity: 'moderate',
42 silly audit report       vulnerable_versions: '<7.26.10',
42 silly audit report       cwe: [Array],
42 silly audit report       cvss: [Object]
42 silly audit report     }
42 silly audit report   ],
42 silly audit report   minimatch: [
42 silly audit report     {
42 silly audit report       id: 1096485,
42 silly audit report       url: 'https://github.com/advisories/GHSA-f8q6-p94x-37v3',
42 silly audit report       title: 'minimatch ReDoS vulnerability',
42 silly audit report       severity: 'high',
42 silly audit report       vulnerable_versions: '<3.0.5',
42 silly audit report       cwe: [Array],
42 silly audit report       cvss: [Object]
42 silly audit report     }
42 silly audit report   ],
42 silly audit report   semver: [
42 silly audit report     {
42 silly audit report       id: 1101088,
42 silly audit report       url: 'https://github.com/advisories/GHSA-c2qf-rxjj-qqgw',
42 silly audit report       title: 'semver vulnerable to Regular Expression Denial of Service',
42 silly audit report       severity: 'high',
42 silly audit report       vulnerable_versions: '>=7.0.0 <7.5.2',
42 silly audit report       cwe: [Array],
42 silly audit report       cvss: [Object]
42 silly audit report     }
42 silly audit report   ],
42 silly audit report   send: [
42 silly audit report     {
42 silly audit report       id: 1109556,
42 silly audit report       url: 'https://github.com/advisories/GHSA-m6fv-jmcg-4jfg',
42 silly audit report       title: 'send vulnerable to template injection that can lead to XSS',
42 silly audit report       severity: 'low',
42 silly audit report       vulnerable_versions: '<0.19.0',
42 silly audit report       cwe: [Array],
42 silly audit report       cvss: [Object]
42 silly audit report     }
42 silly audit report   ],
42 silly audit report   xml2js: [
42 silly audit report     {
42 silly audit report       id: 1096693,
42 silly audit report       url: 'https://github.com/advisories/GHSA-776f-qx25-q3cc',
42 silly audit report       title: 'xml2js is vulnerable to prototype pollution',
42 silly audit report       severity: 'moderate',
42 silly audit report       vulnerable_versions: '<0.5.0',
42 silly audit report       cwe: [Array],
42 silly audit report       cvss: [Object]
42 silly audit report     }
42 silly audit report   ],
42 silly audit report   axios: [
42 silly audit report     {
42 silly audit report       id: 1102326,
42 silly audit report       url: 'https://github.com/advisories/GHSA-cph5-m8f7-6c5x',
42 silly audit report       title: 'axios Inefficient Regular Expression Complexity vulnerability',
42 silly audit report       severity: 'high',
42 silly audit report       vulnerable_versions: '<0.21.2',
42 silly audit report       cwe: [Array],
42 silly audit report       cvss: [Object]
42 silly audit report     },
42 silly audit report     {
42 silly audit report       id: 1111034,
42 silly audit report       url: 'https://github.com/advisories/GHSA-jr5f-v2jv-69x6',
42 silly audit report       title: 'axios Requests Vulnerable To Possible SSRF and Credential Leakage via Absolute URL',
42 silly audit report       severity: 'high',
42 silly audit report       vulnerable_versions: '<0.30.0',
42 silly audit report       cwe: [Array],
42 silly audit report       cvss: [Object]
42 silly audit report     },
42 silly audit report     {
42 silly audit report       id: 1108262,
42 silly audit report       url: 'https://github.com/advisories/GHSA-4hjh-wcwx-xvwj',
42 silly audit report       title: 'Axios is vulnerable to DoS attack through lack of data size check',
42 silly audit report       severity: 'high',
42 silly audit report       vulnerable_versions: '<0.30.2',
42 silly audit report       cwe: [Array],
42 silly audit report       cvss: [Object]
42 silly audit report     },
42 silly audit report     {
42 silly audit report       id: 1097679,
42 silly audit report       url: 'https://github.com/advisories/GHSA-wf5p-g6vw-rhxx',
42 silly audit report       title: 'Axios Cross-Site Request Forgery Vulnerability',
42 silly audit report       severity: 'moderate',
42 silly audit report       vulnerable_versions: '>=0.8.1 <0.28.0',
42 silly audit report       cwe: [Array],
42 silly audit report       cvss: [Object]
42 silly audit report     }
42 silly audit report   ],
42 silly audit report   'body-parser': [
42 silly audit report     {
42 silly audit report       id: 1099520,
42 silly audit report       url: 'https://github.com/advisories/GHSA-qwcr-r2fm-qrc7',
42 silly audit report       title: 'body-parser vulnerable to denial of service when url encoding is enabled',
42 silly audit report       severity: 'high',
42 silly audit report       vulnerable_versions: '<1.20.3',
42 silly audit report       cwe: [Array],
42 silly audit report       cvss: [Object]
42 silly audit report     }
42 silly audit report   ],
42 silly audit report   cookie: [
42 silly audit report     {
42 silly audit report       id: 1103907,
42 silly audit report       url: 'https://github.com/advisories/GHSA-pxg6-pf52-xh8x',
42 silly audit report       title: 'cookie accepts cookie name, path, and domain with out of bounds characters',
42 silly audit report       severity: 'low',
42 silly audit report       vulnerable_versions: '<0.7.0',
42 silly audit report       cwe: [Array],
42 silly audit report       cvss: [Object]
42 silly audit report     }
42 silly audit report   ],
42 silly audit report   express: [
42 silly audit report     {
42 silly audit report       id: 1100530,
42 silly audit report       url: 'https://github.com/advisories/GHSA-qw6h-vgh9-j6wx',
42 silly audit report       title: 'express vulnerable to XSS via response.redirect()',
42 silly audit report       severity: 'low',
42 silly audit report       vulnerable_versions: '<4.20.0',
42 silly audit report       cwe: [Array],
42 silly audit report       cvss: [Object]
42 silly audit report     },
42 silly audit report     {
42 silly audit report       id: 1096820,
42 silly audit report       url: 'https://github.com/advisories/GHSA-rv95-896h-c2vc',
42 silly audit report       title: 'Express.js Open Redirect in malformed URLs',
42 silly audit report       severity: 'moderate',
42 silly audit report       vulnerable_versions: '<4.19.2',
42 silly audit report       cwe: [Array],
42 silly audit report       cvss: [Object]
42 silly audit report     }
42 silly audit report   ],
42 silly audit report   qs: [
42 silly audit report     {
42 silly audit report       id: 1104118,
42 silly audit report       url: 'https://github.com/advisories/GHSA-hrpp-h998-j3pp',
42 silly audit report       title: 'qs vulnerable to Prototype Pollution',
42 silly audit report       severity: 'high',
42 silly audit report       vulnerable_versions: '>=6.5.0 <6.5.3',
42 silly audit report       cwe: [Array],
42 silly audit report       cvss: [Object]
42 silly audit report     }
42 silly audit report   ],
42 silly audit report   'serve-static': [
42 silly audit report     {
42 silly audit report       id: 1100528,
42 silly audit report       url: 'https://github.com/advisories/GHSA-cm22-4g7w-348p',
42 silly audit report       title: 'serve-static vulnerable to template injection that can lead to XSS',
42 silly audit report       severity: 'low',
42 silly audit report       vulnerable_versions: '<1.16.0',
42 silly audit report       cwe: [Array],
42 silly audit report       cvss: [Object]
42 silly audit report     }
42 silly audit report   ],
42 silly audit report   got: [
42 silly audit report     {
42 silly audit report       id: 1088948,
42 silly audit report       url: 'https://github.com/advisories/GHSA-pfrx-2q88-qq97',
42 silly audit report       title: 'Got allows a redirect to a UNIX socket',
42 silly audit report       severity: 'moderate',
42 silly audit report       vulnerable_versions: '<11.8.5',
42 silly audit report       cwe: [],
42 silly audit report       cvss: [Object]
42 silly audit report     }
42 silly audit report   ],
42 silly audit report   'node-forge': [
42 silly audit report     {
42 silly audit report       id: 1102321,
42 silly audit report       url: 'https://github.com/advisories/GHSA-x4jg-mjrx-434g',
42 silly audit report       title: 'Improper Verification of Cryptographic Signature in node-forge',
42 silly audit report       severity: 'high',
42 silly audit report       vulnerable_versions: '<1.3.0',
42 silly audit report       cwe: [Array],
42 silly audit report       cvss: [Object]
42 silly audit report     },
42 silly audit report     {
42 silly audit report       id: 1102322,
42 silly audit report       url: 'https://github.com/advisories/GHSA-cfm4-qjh2-4765',
42 silly audit report       title: 'Improper Verification of Cryptographic Signature in node-forge',
42 silly audit report       severity: 'high',
42 silly audit report       vulnerable_versions: '<1.3.0',
42 silly audit report       cwe: [Array],
42 silly audit report       cvss: [Object]
42 silly audit report     },
42 silly audit report     {
42 silly audit report       id: 1110996,
42 silly audit report       url: 'https://github.com/advisories/GHSA-554w-wpv2-vw27',
42 silly audit report       title: 'node-forge has ASN.1 Unbounded Recursion',
42 silly audit report       severity: 'high',
42 silly audit report       vulnerable_versions: '<1.3.2',
42 silly audit report       cwe: [Array],
42 silly audit report       cvss: [Object]
42 silly audit report     },
42 silly audit report     {
42 silly audit report       id: 1110998,
42 silly audit report       url: 'https://github.com/advisories/GHSA-5gfm-wpxj-wjgq',
42 silly audit report       title: 'node-forge has an Interpretation Conflict vulnerability via its ASN.1 Validator Desynchronization',
42 silly audit report       severity: 'high',
42 silly audit report       vulnerable_versions: '<1.3.2',
42 silly audit report       cwe: [Array],
42 silly audit report       cvss: [Object]
42 silly audit report     },
42 silly audit report     {
42 silly audit report       id: 1111068,
42 silly audit report       url: 'https://github.com/advisories/GHSA-65ch-62r8-g69g',
42 silly audit report       title: 'node-forge is vulnerable to ASN.1 OID Integer Truncation',
42 silly audit report       severity: 'moderate',
42 silly audit report       vulnerable_versions: '<1.3.2',
42 silly audit report       cwe: [Array],
42 silly audit report       cvss: [Object]
42 silly audit report     },
42 silly audit report     {
42 silly audit report       id: 1088227,
42 silly audit report       url: 'https://github.com/advisories/GHSA-5rrq-pxf6-6jx5',
42 silly audit report       title: 'Prototype Pollution in node-forge debug API.',
42 silly audit report       severity: 'low',
42 silly audit report       vulnerable_versions: '<1.0.0',
42 silly audit report       cwe: [Array],
42 silly audit report       cvss: [Object]
42 silly audit report     },
42 silly audit report     {
42 silly audit report       id: 1088229,
42 silly audit report       url: 'https://github.com/advisories/GHSA-gf8q-jrpm-jvxq',
42 silly audit report       title: 'URL parsing in node-forge could lead to undesired behavior.',
42 silly audit report       severity: 'low',
42 silly audit report       vulnerable_versions: '<1.0.0',
42 silly audit report       cwe: [Array],
42 silly audit report       cvss: [Object]
42 silly audit report     },
42 silly audit report     {
42 silly audit report       id: 1093719,
42 silly audit report       url: 'https://github.com/advisories/GHSA-8fr3-hfg3-gpgp',
42 silly audit report       title: 'Open Redirect in node-forge',
42 silly audit report       severity: 'moderate',
42 silly audit report       vulnerable_versions: '<1.0.0',
42 silly audit report       cwe: [Array],
42 silly audit report       cvss: [Object]
42 silly audit report     },
42 silly audit report     {
42 silly audit report       id: 1088746,
42 silly audit report       url: 'https://github.com/advisories/GHSA-2r2c-g63r-vccr',
42 silly audit report       title: 'Improper Verification of Cryptographic Signature in `node-forge`',
42 silly audit report       severity: 'moderate',
42 silly audit report       vulnerable_versions: '<1.3.0',
42 silly audit report       cwe: [Array],
42 silly audit report       cvss: [Object]
42 silly audit report     }
42 silly audit report   ],
42 silly audit report   'path-to-regexp': [
42 silly audit report     {
42 silly audit report       id: 1101850,
42 silly audit report       url: 'https://github.com/advisories/GHSA-9wv6-86v2-598j',
42 silly audit report       title: 'path-to-regexp outputs backtracking regular expressions',
42 silly audit report       severity: 'high',
42 silly audit report       vulnerable_versions: '<0.1.10',
42 silly audit report       cwe: [Array],
42 silly audit report       cvss: [Object]
42 silly audit report     },
42 silly audit report     {
42 silly audit report       id: 1105199,
42 silly audit report       url: 'https://github.com/advisories/GHSA-rhx6-c78j-4q9w',
42 silly audit report       title: 'path-to-regexp contains a ReDoS',
42 silly audit report       severity: 'high',
42 silly audit report       vulnerable_versions: '<0.1.12',
42 silly audit report       cwe: [Array],
42 silly audit report       cvss: [Object]
42 silly audit report     }
42 silly audit report   ],
42 silly audit report   'webpack-dev-server': [
42 silly audit report     {
42 silly audit report       id: 1108429,
42 silly audit report       url: 'https://github.com/advisories/GHSA-9jgg-88mc-972h',
42 silly audit report       title: "webpack-dev-server users' source code may be stolen when they access a malicious web site with non-Chromium based browser",
42 silly audit report       severity: 'moderate',
42 silly audit report       vulnerable_versions: '<=5.2.0',
42 silly audit report       cwe: [Array],
42 silly audit report       cvss: [Object]
42 silly audit report     },
42 silly audit report     {
42 silly audit report       id: 1108430,
42 silly audit report       url: 'https://github.com/advisories/GHSA-4v9v-hfq4-rm2v',
42 silly audit report       title: "webpack-dev-server users' source code may be stolen when they access a malicious web site",
42 silly audit report       severity: 'moderate',
42 silly audit report       vulnerable_versions: '<=5.2.0',
42 silly audit report       cwe: [Array],
42 silly audit report       cvss: [Object]
42 silly audit report     }
42 silly audit report   ]
42 silly audit report }
43 http fetch GET 200 https://registry.npmjs.org/@babel%2fruntime 97ms (cache miss)
44 http fetch GET 200 https://registry.npmjs.org/webpack-dev-server 140ms (cache miss)
45 http fetch GET 200 https://registry.npmjs.org/xml2js 173ms (cache miss)
46 http fetch GET 200 https://registry.npmjs.org/qs 197ms (cache miss)
47 http fetch GET 200 https://registry.npmjs.org/serve-static 207ms (cache miss)
48 http fetch GET 200 https://registry.npmjs.org/minimatch 244ms (cache miss)
49 http fetch GET 200 https://registry.npmjs.org/path-to-regexp 252ms (cache miss)
50 http fetch GET 200 https://registry.npmjs.org/cookie 268ms (cache miss)
51 http fetch GET 200 https://registry.npmjs.org/express 271ms (cache miss)
52 http fetch GET 200 https://registry.npmjs.org/semver 306ms (cache miss)
53 http fetch GET 200 https://registry.npmjs.org/got 316ms (cache miss)
54 http fetch GET 200 https://registry.npmjs.org/send 338ms (cache miss)
55 http fetch GET 200 https://registry.npmjs.org/body-parser 341ms (cache miss)
56 http fetch GET 200 https://registry.npmjs.org/axios 351ms (cache miss)
57 http fetch GET 200 https://registry.npmjs.org/node-forge 364ms (cache miss)
58 http fetch GET 200 https://registry.npmjs.org/@types/react-native/-/react-native-0.73.0.tgz 658ms (cache miss)
59 warn deprecated @types/react-native@0.73.0: This is a stub types definition. react-native provides its own type definitions, so you do not need this installed.
60 http fetch GET 200 https://registry.npmjs.org/expo-cli 1343ms (cache miss)
61 http fetch GET 200 https://registry.npmjs.org/glob 58ms (cache miss)
62 http fetch GET 200 https://registry.npmjs.org/xdl 108ms (cache miss)
63 http fetch GET 200 https://registry.npmjs.org/@expo%2fdev-server 114ms (cache miss)
64 http fetch GET 200 https://registry.npmjs.org/@expo%2fprebuild-config 134ms (cache miss)
65 http fetch GET 200 https://registry.npmjs.org/@expo%2fwebpack-config 153ms (cache miss)
66 http fetch GET 200 https://registry.npmjs.org/@expo%2fimage-utils 185ms (cache miss)
67 http fetch GET 200 https://registry.npmjs.org/@expo%2fconfig 202ms (cache miss)
68 http fetch GET 200 https://registry.npmjs.org/@expo%2fcli 729ms (cache miss)
69 http fetch GET 200 https://registry.npmjs.org/@expo%2fconfig-plugins 111ms (cache miss)
70 http fetch GET 200 https://registry.npmjs.org/package-json 54ms (cache miss)
71 http fetch GET 200 https://registry.npmjs.org/is-reachable 71ms (cache miss)
72 http fetch GET 200 https://registry.npmjs.org/expo-pwa 92ms (cache miss)
73 http fetch GET 200 https://registry.npmjs.org/expo-constants 132ms (cache miss)
74 http fetch GET 200 https://registry.npmjs.org/expo 199ms (cache miss)
75 http fetch GET 200 https://registry.npmjs.org/@expo%2fmetro-config 407ms (cache miss)
76 http fetch GET 200 https://registry.npmjs.org/latest-version 85ms (cache miss)
77 http fetch GET 200 https://registry.npmjs.org/expo-asset 95ms (cache miss)
78 silly ADD node_modules/@types/react-native
79 silly ADD
80 silly ADD
81 silly ADD
82 silly ADD
83 silly ADD
84 silly ADD
85 silly ADD
86 silly ADD
87 silly ADD
88 silly ADD
89 silly ADD
90 verbose exit 0
91 info ok
